<?xml version="1.0" encoding="UTF-8" ?>
<testsuite tests="4" failures="0" name="base.Person_Test" time="6.375" errors="2" skipped="0">
  <properties>
[...]
</properties>
  <testcase classname="base.Person_Test" name="deletePersonTest" time="6.019">
    <error message="attempt to create delete event with null entity" type="java.lang.IllegalArgumentException">java.lang.IllegalArgumentException: attempt to create delete event with null entity
	at org.hibernate.event.spi.DeleteEvent.&lt;init&gt;(DeleteEvent.java:31)
	at org.hibernate.internal.SessionImpl.delete(SessionImpl.java:859)
	at base.PersonDAL.deletePerson(PersonDAL.java:109)
	at base.Person_Test.deletePersonTest(Person_Test.java:66)
	at sun.reflect.NativeMethodAccessorImpl.invoke0(Native Method)
	at sun.reflect.NativeMethodAccessorImpl.invoke(NativeMethodAccessorImpl.java:62)
	at sun.reflect.DelegatingMethodAccessorImpl.invoke(DelegatingMethodAccessorImpl.java:43)
	at java.lang.reflect.Method.invoke(Method.java:498)
	at org.junit.runners.model.FrameworkMethod$1.runReflectiveCall(FrameworkMethod.java:47)
	at org.junit.internal.runners.model.ReflectiveCallable.run(ReflectiveCallable.java:12)
	at org.junit.runners.model.FrameworkMethod.invokeExplosively(FrameworkMethod.java:44)
	at org.junit.internal.runners.statements.InvokeMethod.evaluate(InvokeMethod.java:17)
	at org.junit.runners.ParentRunner.runLeaf(ParentRunner.java:271)
	at org.junit.runners.BlockJUnit4ClassRunner.runChild(BlockJUnit4ClassRunner.java:70)
	at org.junit.runners.BlockJUnit4ClassRunner.runChild(BlockJUnit4ClassRunner.java:50)
	at org.junit.runners.ParentRunner$3.run(ParentRunner.java:238)
	at org.junit.runners.ParentRunner$1.schedule(ParentRunner.java:63)
	at org.junit.runners.ParentRunner.runChildren(ParentRunner.java:236)
	at org.junit.runners.ParentRunner.access$000(ParentRunner.java:53)
	at org.junit.runners.ParentRunner$2.evaluate(ParentRunner.java:229)
	at org.junit.internal.runners.statements.RunBefores.evaluate(RunBefores.java:26)
	at org.junit.runners.ParentRunner.run(ParentRunner.java:309)
	at org.apache.maven.surefire.junit4.JUnit4Provider.execute(JUnit4Provider.java:252)
	at org.apache.maven.surefire.junit4.JUnit4Provider.executeTestSet(JUnit4Provider.java:141)
	at org.apache.maven.surefire.junit4.JUnit4Provider.invoke(JUnit4Provider.java:112)
	at sun.reflect.NativeMethodAccessorImpl.invoke0(Native Method)
	at sun.reflect.NativeMethodAccessorImpl.invoke(NativeMethodAccessorImpl.java:62)
	at sun.reflect.DelegatingMethodAccessorImpl.invoke(DelegatingMethodAccessorImpl.java:43)
	at java.lang.reflect.Method.invoke(Method.java:498)
	at org.apache.maven.surefire.util.ReflectionUtils.invokeMethodWithArray(ReflectionUtils.java:189)
	at org.apache.maven.surefire.booter.ProviderFactory$ProviderProxy.invoke(ProviderFactory.java:165)
	at org.apache.maven.surefire.booter.ProviderFactory.invokeProvider(ProviderFactory.java:85)
	at org.apache.maven.surefire.booter.ForkedBooter.runSuitesInProcess(ForkedBooter.java:115)
	at org.apache.maven.surefire.booter.ForkedBooter.main(ForkedBooter.java:75)
</error>
    <system-out>19:07:07.093 [main] DEBUG org.jboss.logging - Logging Provider: org.jboss.logging.Slf4jLoggerProvider
19:07:07.138 [main] DEBUG o.h.i.internal.IntegratorServiceImpl - Adding Integrator [org.hibernate.cfg.beanvalidation.BeanValidationIntegrator].
19:07:07.144 [main] DEBUG o.h.i.internal.IntegratorServiceImpl - Adding Integrator [org.hibernate.secure.spi.JaccIntegrator].
19:07:07.148 [main] DEBUG o.h.i.internal.IntegratorServiceImpl - Adding Integrator [org.hibernate.cache.internal.CollectionCacheInvalidator].
19:07:07.349 [main] INFO  org.hibernate.Version - HHH000412: Hibernate Core {5.0.2.Final}
19:07:07.351 [main] INFO  org.hibernate.cfg.Environment - HHH000206: hibernate.properties not found
19:07:07.353 [main] INFO  org.hibernate.cfg.Environment - HHH000021: Bytecode provider name : javassist
19:07:07.387 [main] DEBUG o.h.b.j.i.s.LocalXmlResourceResolver - Interpreting public/system identifier : [-//Hibernate/Hibernate Configuration DTD 3.0//EN] - [http://www.hibernate.org/dtd/hibernate-configuration-3.0.dtd]
19:07:07.387 [main] DEBUG o.h.b.j.i.s.LocalXmlResourceResolver - Recognized hibernate-configuration identifier; attempting to resolve on classpath under org/hibernate/
19:07:07.395 [main] DEBUG o.h.b.c.internal.JaxbCfgProcessor - cfg.xml document did not define namespaces; wrapping in custom event reader to introduce namespace information
19:07:07.630 [main] DEBUG org.hibernate.cfg.Configuration - Building session factory using internal StandardServiceRegistryBuilder
19:07:07.637 [main] DEBUG o.h.service.spi.ServiceBinding - Overriding existing service binding [org.hibernate.secure.spi.JaccService]
19:07:07.637 [main] DEBUG org.hibernate.cfg.Configuration - Building session factory using provided StandardServiceRegistry
19:07:07.652 [main] DEBUG o.h.c.i.RegionFactoryInitiator - Cache region factory : org.hibernate.cache.internal.NoCachingRegionFactory
19:07:07.661 [main] INFO  o.h.annotations.common.Version - HCANN000001: Hibernate Commons Annotations {5.0.0.Final}
19:07:07.672 [main] DEBUG o.h.b.j.i.s.LocalXmlResourceResolver - Interpreting public/system identifier : [-//Hibernate/Hibernate Mapping DTD 3.0//EN] - [http://hibernate.sourceforge.net/hibernate-mapping-3.0.dtd]
19:07:07.674 [main] WARN  org.hibernate.orm.deprecation - HHH90000012: Recognized obsolete hibernate namespace http://hibernate.sourceforge.net/hibernate-mapping. Use namespace http://www.hibernate.org/dtd/hibernate-mapping instead.  Support for obsolete DTD/XSD namespaces may be removed at any time.
19:07:07.674 [main] DEBUG o.h.b.j.i.s.LocalXmlResourceResolver - Recognized legacy hibernate-mapping identifier; attempting to resolve on classpath under org/hibernate/
19:07:07.714 [main] DEBUG o.h.boot.jaxb.internal.MappingBinder - Performing JAXB binding of hbm.xml document : Origin(name=mapping/Person.hbm.xml,type=RESOURCE)
19:07:08.607 [main] DEBUG o.h.b.j.i.s.LocalXmlResourceResolver - Interpreting public/system identifier : [-//Hibernate/Hibernate Mapping DTD 3.0//EN] - [http://hibernate.sourceforge.net/hibernate-mapping-3.0.dtd]
19:07:08.608 [main] WARN  org.hibernate.orm.deprecation - HHH90000012: Recognized obsolete hibernate namespace http://hibernate.sourceforge.net/hibernate-mapping. Use namespace http://www.hibernate.org/dtd/hibernate-mapping instead.  Support for obsolete DTD/XSD namespaces may be removed at any time.
19:07:08.608 [main] DEBUG o.h.b.j.i.s.LocalXmlResourceResolver - Recognized legacy hibernate-mapping identifier; attempting to resolve on classpath under org/hibernate/
19:07:08.615 [main] DEBUG o.h.boot.jaxb.internal.MappingBinder - Performing JAXB binding of hbm.xml document : Origin(name=mapping/Student.hbm.xml,type=RESOURCE)
19:07:09.021 [main] DEBUG org.hibernate.type.BasicTypeRegistry - Adding type registration boolean -&gt; org.hibernate.type.BooleanType@2dcd168a
19:07:09.021 [main] DEBUG org.hibernate.type.BasicTypeRegistry - Adding type registration boolean -&gt; org.hibernate.type.BooleanType@2dcd168a
19:07:09.022 [main] DEBUG org.hibernate.type.BasicTypeRegistry - Adding type registration java.lang.Boolean -&gt; org.hibernate.type.BooleanType@2dcd168a
19:07:09.023 [main] DEBUG org.hibernate.type.BasicTypeRegistry - Adding type registration numeric_boolean -&gt; org.hibernate.type.NumericBooleanType@531f4093
19:07:09.034 [main] DEBUG org.hibernate.type.BasicTypeRegistry - Adding type registration true_false -&gt; org.hibernate.type.TrueFalseType@16fdec90
19:07:09.035 [main] DEBUG org.hibernate.type.BasicTypeRegistry - Adding type registration yes_no -&gt; org.hibernate.type.YesNoType@7776ab
19:07:09.037 [main] DEBUG org.hibernate.type.BasicTypeRegistry - Adding type registration byte -&gt; org.hibernate.type.ByteType@79517588
19:07:09.037 [main] DEBUG org.hibernate.type.BasicTypeRegistry - Adding type registration byte -&gt; org.hibernate.type.ByteType@79517588
19:07:09.037 [main] DEBUG org.hibernate.type.BasicTypeRegistry - Adding type registration java.lang.Byte -&gt; org.hibernate.type.ByteType@79517588
19:07:09.039 [main] DEBUG org.hibernate.type.BasicTypeRegistry - Adding type registration character -&gt; org.hibernate.type.CharacterType@3da30852
19:07:09.039 [main] DEBUG org.hibernate.type.BasicTypeRegistry - Adding type registration char -&gt; org.hibernate.type.CharacterType@3da30852
19:07:09.039 [main] DEBUG org.hibernate.type.BasicTypeRegistry - Adding type registration java.lang.Character -&gt; org.hibernate.type.CharacterType@3da30852
19:07:09.041 [main] DEBUG org.hibernate.type.BasicTypeRegistry - Adding type registration short -&gt; org.hibernate.type.ShortType@3568f9d2
19:07:09.041 [main] DEBUG org.hibernate.type.BasicTypeRegistry - Adding type registration short -&gt; org.hibernate.type.ShortType@3568f9d2
19:07:09.041 [main] DEBUG org.hibernate.type.BasicTypeRegistry - Adding type registration java.lang.Short -&gt; org.hibernate.type.ShortType@3568f9d2
19:07:09.043 [main] DEBUG org.hibernate.type.BasicTypeRegistry - Adding type registration integer -&gt; org.hibernate.type.IntegerType@4b1d6571
19:07:09.043 [main] DEBUG org.hibernate.type.BasicTypeRegistry - Adding type registration int -&gt; org.hibernate.type.IntegerType@4b1d6571
19:07:09.043 [main] DEBUG org.hibernate.type.BasicTypeRegistry - Adding type registration java.lang.Integer -&gt; org.hibernate.type.IntegerType@4b1d6571
19:07:09.045 [main] DEBUG org.hibernate.type.BasicTypeRegistry - Adding type registration long -&gt; org.hibernate.type.LongType@74bada02
19:07:09.045 [main] DEBUG org.hibernate.type.BasicTypeRegistry - Adding type registration long -&gt; org.hibernate.type.LongType@74bada02
19:07:09.045 [main] DEBUG org.hibernate.type.BasicTypeRegistry - Adding type registration java.lang.Long -&gt; org.hibernate.type.LongType@74bada02
19:07:09.047 [main] DEBUG org.hibernate.type.BasicTypeRegistry - Adding type registration float -&gt; org.hibernate.type.FloatType@4748a0f9
19:07:09.048 [main] DEBUG org.hibernate.type.BasicTypeRegistry - Adding type registration float -&gt; org.hibernate.type.FloatType@4748a0f9
19:07:09.048 [main] DEBUG org.hibernate.type.BasicTypeRegistry - Adding type registration java.lang.Float -&gt; org.hibernate.type.FloatType@4748a0f9
19:07:09.050 [main] DEBUG org.hibernate.type.BasicTypeRegistry - Adding type registration double -&gt; org.hibernate.type.DoubleType@176b3f44
19:07:09.050 [main] DEBUG org.hibernate.type.BasicTypeRegistry - Adding type registration double -&gt; org.hibernate.type.DoubleType@176b3f44
19:07:09.050 [main] DEBUG org.hibernate.type.BasicTypeRegistry - Adding type registration java.lang.Double -&gt; org.hibernate.type.DoubleType@176b3f44
19:07:09.052 [main] DEBUG org.hibernate.type.BasicTypeRegistry - Adding type registration big_decimal -&gt; org.hibernate.type.BigDecimalType@4fad9bb2
19:07:09.052 [main] DEBUG org.hibernate.type.BasicTypeRegistry - Adding type registration java.math.BigDecimal -&gt; org.hibernate.type.BigDecimalType@4fad9bb2
19:07:09.054 [main] DEBUG org.hibernate.type.BasicTypeRegistry - Adding type registration big_integer -&gt; org.hibernate.type.BigIntegerType@22d7b4f8
19:07:09.054 [main] DEBUG org.hibernate.type.BasicTypeRegistry - Adding type registration java.math.BigInteger -&gt; org.hibernate.type.BigIntegerType@22d7b4f8
19:07:09.055 [main] DEBUG org.hibernate.type.BasicTypeRegistry - Adding type registration string -&gt; org.hibernate.type.StringType@4982cc36
19:07:09.055 [main] DEBUG org.hibernate.type.BasicTypeRegistry - Adding type registration java.lang.String -&gt; org.hibernate.type.StringType@4982cc36
19:07:09.056 [main] DEBUG org.hibernate.type.BasicTypeRegistry - Adding type registration nstring -&gt; org.hibernate.type.StringNVarcharType@71529963
19:07:09.058 [main] DEBUG org.hibernate.type.BasicTypeRegistry - Adding type registration ncharacter -&gt; org.hibernate.type.CharacterNCharType@1a760689
19:07:09.060 [main] DEBUG org.hibernate.type.BasicTypeRegistry - Adding type registration url -&gt; org.hibernate.type.UrlType@2250b9f2
19:07:09.060 [main] DEBUG org.hibernate.type.BasicTypeRegistry - Adding type registration java.net.URL -&gt; org.hibernate.type.UrlType@2250b9f2
19:07:09.062 [main] DEBUG org.hibernate.type.BasicTypeRegistry - Adding type registration date -&gt; org.hibernate.type.DateType@a22cb6a
19:07:09.062 [main] DEBUG org.hibernate.type.BasicTypeRegistry - Adding type registration java.sql.Date -&gt; org.hibernate.type.DateType@a22cb6a
19:07:09.064 [main] DEBUG org.hibernate.type.BasicTypeRegistry - Adding type registration time -&gt; org.hibernate.type.TimeType@7502291e
19:07:09.065 [main] DEBUG org.hibernate.type.BasicTypeRegistry - Adding type registration java.sql.Time -&gt; org.hibernate.type.TimeType@7502291e
19:07:09.066 [main] DEBUG org.hibernate.type.BasicTypeRegistry - Adding type registration timestamp -&gt; org.hibernate.type.TimestampType@22875539
19:07:09.067 [main] DEBUG org.hibernate.type.BasicTypeRegistry - Adding type registration java.sql.Timestamp -&gt; org.hibernate.type.TimestampType@22875539
19:07:09.067 [main] DEBUG org.hibernate.type.BasicTypeRegistry - Adding type registration java.util.Date -&gt; org.hibernate.type.TimestampType@22875539
19:07:09.070 [main] DEBUG org.hibernate.type.BasicTypeRegistry - Adding type registration dbtimestamp -&gt; org.hibernate.type.DbTimestampType@2a448449
19:07:09.071 [main] DEBUG org.hibernate.type.BasicTypeRegistry - Adding type registration calendar -&gt; org.hibernate.type.CalendarType@2dc995f4
19:07:09.071 [main] DEBUG org.hibernate.type.BasicTypeRegistry - Adding type registration java.util.Calendar -&gt; org.hibernate.type.CalendarType@2dc995f4
19:07:09.072 [main] DEBUG org.hibernate.type.BasicTypeRegistry - Adding type registration java.util.GregorianCalendar -&gt; org.hibernate.type.CalendarType@2dc995f4
19:07:09.073 [main] DEBUG org.hibernate.type.BasicTypeRegistry - Adding type registration calendar_date -&gt; org.hibernate.type.CalendarDateType@64b73e7a
19:07:09.075 [main] DEBUG org.hibernate.type.BasicTypeRegistry - Adding type registration locale -&gt; org.hibernate.type.LocaleType@49cb9cb5
19:07:09.075 [main] DEBUG org.hibernate.type.BasicTypeRegistry - Adding type registration java.util.Locale -&gt; org.hibernate.type.LocaleType@49cb9cb5
19:07:09.077 [main] DEBUG org.hibernate.type.BasicTypeRegistry - Adding type registration currency -&gt; org.hibernate.type.CurrencyType@146587a2
19:07:09.078 [main] DEBUG org.hibernate.type.BasicTypeRegistry - Adding type registration java.util.Currency -&gt; org.hibernate.type.CurrencyType@146587a2
19:07:09.081 [main] DEBUG org.hibernate.type.BasicTypeRegistry - Adding type registration timezone -&gt; org.hibernate.type.TimeZoneType@16c63f5
19:07:09.082 [main] DEBUG org.hibernate.type.BasicTypeRegistry - Adding type registration java.util.TimeZone -&gt; org.hibernate.type.TimeZoneType@16c63f5
19:07:09.083 [main] DEBUG org.hibernate.type.BasicTypeRegistry - Adding type registration class -&gt; org.hibernate.type.ClassType@4879dfad
19:07:09.083 [main] DEBUG org.hibernate.type.BasicTypeRegistry - Adding type registration java.lang.Class -&gt; org.hibernate.type.ClassType@4879dfad
19:07:09.086 [main] DEBUG org.hibernate.type.BasicTypeRegistry - Adding type registration uuid-binary -&gt; org.hibernate.type.UUIDBinaryType@13d9b21f
19:07:09.086 [main] DEBUG org.hibernate.type.BasicTypeRegistry - Adding type registration java.util.UUID -&gt; org.hibernate.type.UUIDBinaryType@13d9b21f
19:07:09.087 [main] DEBUG org.hibernate.type.BasicTypeRegistry - Adding type registration uuid-char -&gt; org.hibernate.type.UUIDCharType@4d9ac0b4
19:07:09.089 [main] DEBUG org.hibernate.type.BasicTypeRegistry - Adding type registration binary -&gt; org.hibernate.type.BinaryType@15dcfae7
19:07:09.089 [main] DEBUG org.hibernate.type.BasicTypeRegistry - Adding type registration byte[] -&gt; org.hibernate.type.BinaryType@15dcfae7
19:07:09.089 [main] DEBUG org.hibernate.type.BasicTypeRegistry - Adding type registration [B -&gt; org.hibernate.type.BinaryType@15dcfae7
19:07:09.091 [main] DEBUG org.hibernate.type.BasicTypeRegistry - Adding type registration wrapper-binary -&gt; org.hibernate.type.WrapperBinaryType@4ce7fffa
19:07:09.091 [main] DEBUG org.hibernate.type.BasicTypeRegistry - Adding type registration Byte[] -&gt; org.hibernate.type.WrapperBinaryType@4ce7fffa
19:07:09.091 [main] DEBUG org.hibernate.type.BasicTypeRegistry - Adding type registration [Ljava.lang.Byte; -&gt; org.hibernate.type.WrapperBinaryType@4ce7fffa
19:07:09.092 [main] DEBUG org.hibernate.type.BasicTypeRegistry - Adding type registration image -&gt; org.hibernate.type.ImageType@6bbe2511
19:07:09.093 [main] DEBUG org.hibernate.type.BasicTypeRegistry - Adding type registration characters -&gt; org.hibernate.type.CharArrayType@4dd02341
19:07:09.094 [main] DEBUG org.hibernate.type.BasicTypeRegistry - Adding type registration char[] -&gt; org.hibernate.type.CharArrayType@4dd02341
19:07:09.094 [main] DEBUG org.hibernate.type.BasicTypeRegistry - Adding type registration [C -&gt; org.hibernate.type.CharArrayType@4dd02341
19:07:09.095 [main] DEBUG org.hibernate.type.BasicTypeRegistry - Adding type registration wrapper-characters -&gt; org.hibernate.type.CharacterArrayType@222eb8aa
19:07:09.095 [main] DEBUG org.hibernate.type.BasicTypeRegistry - Adding type registration [Ljava.lang.Character; -&gt; org.hibernate.type.CharacterArrayType@222eb8aa
19:07:09.096 [main] DEBUG org.hibernate.type.BasicTypeRegistry - Adding type registration Character[] -&gt; org.hibernate.type.CharacterArrayType@222eb8aa
19:07:09.097 [main] DEBUG org.hibernate.type.BasicTypeRegistry - Adding type registration text -&gt; org.hibernate.type.TextType@4b6690c0
19:07:09.098 [main] DEBUG org.hibernate.type.BasicTypeRegistry - Adding type registration ntext -&gt; org.hibernate.type.NTextType@7cf6a5f9
19:07:09.103 [main] DEBUG org.hibernate.type.BasicTypeRegistry - Adding type registration blob -&gt; org.hibernate.type.BlobType@1199fe66
19:07:09.104 [main] DEBUG org.hibernate.type.BasicTypeRegistry - Adding type registration java.sql.Blob -&gt; org.hibernate.type.BlobType@1199fe66
19:07:09.105 [main] DEBUG org.hibernate.type.BasicTypeRegistry - Adding type registration materialized_blob -&gt; org.hibernate.type.MaterializedBlobType@2d96543c
19:07:09.110 [main] DEBUG org.hibernate.type.BasicTypeRegistry - Adding type registration clob -&gt; org.hibernate.type.ClobType@2dca0d64
19:07:09.111 [main] DEBUG org.hibernate.type.BasicTypeRegistry - Adding type registration java.sql.Clob -&gt; org.hibernate.type.ClobType@2dca0d64
19:07:09.114 [main] DEBUG org.hibernate.type.BasicTypeRegistry - Adding type registration nclob -&gt; org.hibernate.type.NClobType@62e20a76
19:07:09.115 [main] DEBUG org.hibernate.type.BasicTypeRegistry - Adding type registration java.sql.NClob -&gt; org.hibernate.type.NClobType@62e20a76
19:07:09.118 [main] DEBUG org.hibernate.type.BasicTypeRegistry - Adding type registration materialized_clob -&gt; org.hibernate.type.MaterializedClobType@1477089c
19:07:09.119 [main] DEBUG org.hibernate.type.BasicTypeRegistry - Adding type registration materialized_nclob -&gt; org.hibernate.type.MaterializedNClobType@59d2400d
19:07:09.121 [main] DEBUG org.hibernate.type.BasicTypeRegistry - Adding type registration serializable -&gt; org.hibernate.type.SerializableType@9ef8eb7
19:07:09.125 [main] DEBUG org.hibernate.type.BasicTypeRegistry - Adding type registration object -&gt; org.hibernate.type.ObjectType@66746f57
19:07:09.125 [main] DEBUG org.hibernate.type.BasicTypeRegistry - Adding type registration java.lang.Object -&gt; org.hibernate.type.ObjectType@66746f57
19:07:09.126 [main] DEBUG org.hibernate.type.BasicTypeRegistry - Adding type registration imm_date -&gt; org.hibernate.type.AdaptedImmutableType@28e8dde3
19:07:09.126 [main] DEBUG org.hibernate.type.BasicTypeRegistry - Adding type registration imm_time -&gt; org.hibernate.type.AdaptedImmutableType@6d23017e
19:07:09.126 [main] DEBUG org.hibernate.type.BasicTypeRegistry - Adding type registration imm_timestamp -&gt; org.hibernate.type.AdaptedImmutableType@54dcfa5a
19:07:09.127 [main] DEBUG org.hibernate.type.BasicTypeRegistry - Adding type registration imm_dbtimestamp -&gt; org.hibernate.type.AdaptedImmutableType@1817f1eb
19:07:09.127 [main] DEBUG org.hibernate.type.BasicTypeRegistry - Adding type registration imm_calendar -&gt; org.hibernate.type.AdaptedImmutableType@767e20cf
19:07:09.127 [main] DEBUG org.hibernate.type.BasicTypeRegistry - Adding type registration imm_calendar_date -&gt; org.hibernate.type.AdaptedImmutableType@3a3e78f
19:07:09.127 [main] DEBUG org.hibernate.type.BasicTypeRegistry - Adding type registration imm_binary -&gt; org.hibernate.type.AdaptedImmutableType@301ec38b
19:07:09.127 [main] DEBUG org.hibernate.type.BasicTypeRegistry - Adding type registration imm_serializable -&gt; org.hibernate.type.AdaptedImmutableType@17a1e4ca
19:07:09.140 [main] WARN  o.h.e.j.c.i.DriverManagerConnectionProviderImpl - HHH000402: Using Hibernate built-in connection pool (not for production use!)
19:07:09.141 [main] DEBUG o.h.e.j.c.i.DriverManagerConnectionProviderImpl - No driver class specified
19:07:09.141 [main] INFO  o.h.e.j.c.i.DriverManagerConnectionProviderImpl - HHH000401: using driver [null] at URL [jdbc:oracle:thin:@cisc181.canrkwijj6g6.us-east-1.rds.amazonaws.com:1521:ORCL]
19:07:09.142 [main] INFO  o.h.e.j.c.i.DriverManagerConnectionProviderImpl - HHH000046: Connection properties: {user=LUYUE, password=LY828927}
19:07:09.142 [main] INFO  o.h.e.j.c.i.DriverManagerConnectionProviderImpl - HHH000006: Autocommit mode: false
19:07:09.144 [main] INFO  o.h.e.j.c.i.DriverManagerConnectionProviderImpl - HHH000115: Hibernate connection pool size: 20 (min=1)
19:07:09.144 [main] DEBUG o.h.e.j.c.i.DriverManagerConnectionProviderImpl - Initializing Connection pool with 1 Connections
19:07:10.818 [main] DEBUG o.h.e.j.e.i.JdbcEnvironmentInitiator - Database -&gt;
       name : Oracle
    version : Oracle Database 11g Release 11.2.0.4.0 - 64bit Production
      major : 11
      minor : 2
19:07:10.818 [main] DEBUG o.h.e.j.e.i.JdbcEnvironmentInitiator - Driver -&gt;
       name : Oracle JDBC driver
    version : 11.2.0.3.0
      major : 11
      minor : 2
19:07:10.819 [main] DEBUG o.h.e.j.e.i.JdbcEnvironmentInitiator - JDBC version : 11.2
19:07:10.836 [main] INFO  org.hibernate.dialect.Dialect - HHH000400: Using dialect: org.hibernate.dialect.Oracle10gDialect
19:07:10.851 [main] DEBUG o.h.e.j.c.i.StandardRefCursorSupport - Unexpected error trying to gauge level of JDBC REF_CURSOR support : null
19:07:11.094 [main] DEBUG o.h.i.f.i.DefaultIdentifierGeneratorFactory - Registering IdentifierGenerator strategy [uuid2] -&gt; [org.hibernate.id.UUIDGenerator]
19:07:11.096 [main] DEBUG o.h.i.f.i.DefaultIdentifierGeneratorFactory - Registering IdentifierGenerator strategy [guid] -&gt; [org.hibernate.id.GUIDGenerator]
19:07:11.099 [main] DEBUG o.h.i.f.i.DefaultIdentifierGeneratorFactory - Registering IdentifierGenerator strategy [uuid] -&gt; [org.hibernate.id.UUIDHexGenerator]
19:07:11.099 [main] DEBUG o.h.i.f.i.DefaultIdentifierGeneratorFactory - Registering IdentifierGenerator strategy [uuid.hex] -&gt; [org.hibernate.id.UUIDHexGenerator]
19:07:11.100 [main] DEBUG o.h.i.f.i.DefaultIdentifierGeneratorFactory - Registering IdentifierGenerator strategy [assigned] -&gt; [org.hibernate.id.Assigned]
19:07:11.102 [main] DEBUG o.h.i.f.i.DefaultIdentifierGeneratorFactory - Registering IdentifierGenerator strategy [identity] -&gt; [org.hibernate.id.IdentityGenerator]
19:07:11.103 [main] DEBUG o.h.i.f.i.DefaultIdentifierGeneratorFactory - Registering IdentifierGenerator strategy [select] -&gt; [org.hibernate.id.SelectGenerator]
19:07:11.104 [main] DEBUG o.h.i.f.i.DefaultIdentifierGeneratorFactory - Registering IdentifierGenerator strategy [sequence] -&gt; [org.hibernate.id.enhanced.SequenceStyleGenerator]
19:07:11.105 [main] DEBUG o.h.i.f.i.DefaultIdentifierGeneratorFactory - Registering IdentifierGenerator strategy [seqhilo] -&gt; [org.hibernate.id.SequenceHiLoGenerator]
19:07:11.105 [main] DEBUG o.h.i.f.i.DefaultIdentifierGeneratorFactory - Registering IdentifierGenerator strategy [increment] -&gt; [org.hibernate.id.IncrementGenerator]
19:07:11.106 [main] DEBUG o.h.i.f.i.DefaultIdentifierGeneratorFactory - Registering IdentifierGenerator strategy [foreign] -&gt; [org.hibernate.id.ForeignGenerator]
19:07:11.106 [main] DEBUG o.h.i.f.i.DefaultIdentifierGeneratorFactory - Registering IdentifierGenerator strategy [sequence-identity] -&gt; [org.hibernate.id.SequenceIdentityGenerator]
19:07:11.106 [main] DEBUG o.h.i.f.i.DefaultIdentifierGeneratorFactory - Registering IdentifierGenerator strategy [enhanced-sequence] -&gt; [org.hibernate.id.enhanced.SequenceStyleGenerator]
19:07:11.107 [main] DEBUG o.h.i.f.i.DefaultIdentifierGeneratorFactory - Registering IdentifierGenerator strategy [enhanced-table] -&gt; [org.hibernate.id.enhanced.TableGenerator]
19:07:11.161 [main] DEBUG o.h.boot.model.relational.Namespace - Created database namespace [logicalName=Name{catalog=null, schema=LUYUE}, physicalName=Name{catalog=null, schema=LUYUE}]
19:07:11.193 [main] DEBUG o.h.b.m.s.internal.hbm.ModelBinder - Mapping class: domain.PersonDomainModel -&gt; per
19:07:11.204 [main] DEBUG o.h.b.m.s.internal.hbm.ModelBinder - Mapped property: PersonID -&gt; [PersonID]
19:07:11.206 [main] DEBUG o.h.b.m.s.internal.hbm.ModelBinder - Mapped property: firstName -&gt; [firstName]
19:07:11.206 [main] DEBUG o.h.b.m.s.internal.hbm.ModelBinder - Mapped property: middleName -&gt; [middleName]
19:07:11.207 [main] DEBUG o.h.b.m.s.internal.hbm.ModelBinder - Mapped property: lastName -&gt; [lastName]
19:07:11.207 [main] DEBUG o.h.b.m.s.internal.hbm.ModelBinder - Mapped property: street -&gt; [street]
19:07:11.207 [main] DEBUG o.h.b.m.s.internal.hbm.ModelBinder - Mapped property: postalCode -&gt; [postalCode]
19:07:11.207 [main] DEBUG o.h.b.m.s.internal.hbm.ModelBinder - Mapped property: city -&gt; [city]
19:07:11.207 [main] DEBUG o.h.b.m.s.internal.hbm.ModelBinder - Mapped property: birthday -&gt; [birthday]
19:07:11.207 [main] DEBUG o.h.b.m.s.internal.hbm.ModelBinder - Mapping class: domain.StudentDomainModel -&gt; stu
19:07:11.207 [main] DEBUG o.h.b.m.s.internal.hbm.ModelBinder - Mapped property: StudentID -&gt; [StudentID]
19:07:11.207 [main] DEBUG o.h.b.m.s.internal.hbm.ModelBinder - Mapped property: FirstName -&gt; [FirstName]
19:07:11.207 [main] DEBUG o.h.b.m.s.internal.hbm.ModelBinder - Mapped property: MiddleName -&gt; [MiddleName]
19:07:11.208 [main] DEBUG o.h.b.m.s.internal.hbm.ModelBinder - Mapped property: LastName -&gt; [LastName]
19:07:11.208 [main] DEBUG o.h.b.m.s.internal.hbm.ModelBinder - Mapped property: DOB -&gt; [DOB]
19:07:11.241 [main] DEBUG o.h.internal.SessionFactoryImpl - Building session factory
19:07:11.242 [main] DEBUG org.hibernate.cfg.Settings - SessionFactory name : null
19:07:11.242 [main] DEBUG org.hibernate.cfg.Settings - Automatic flush during beforeCompletion(): disabled
19:07:11.242 [main] DEBUG org.hibernate.cfg.Settings - Automatic session close at end of transaction: disabled
19:07:11.242 [main] DEBUG org.hibernate.cfg.Settings - Statistics: disabled
19:07:11.242 [main] DEBUG org.hibernate.cfg.Settings - Deleted entity synthetic identifier rollback: disabled
19:07:11.242 [main] DEBUG org.hibernate.cfg.Settings - Default entity-mode: pojo
19:07:11.242 [main] DEBUG org.hibernate.cfg.Settings - Check Nullability in Core (should be disabled when Bean Validation is on): enabled
19:07:11.242 [main] DEBUG org.hibernate.cfg.Settings - Allow initialization of lazy state outside session : disabled
19:07:11.242 [main] DEBUG org.hibernate.cfg.Settings - Using BatchFetchStyle : LEGACY
19:07:11.243 [main] DEBUG org.hibernate.cfg.Settings - Default batch fetch size: -1
19:07:11.243 [main] DEBUG org.hibernate.cfg.Settings - Maximum outer join fetch depth: null
19:07:11.243 [main] DEBUG org.hibernate.cfg.Settings - Default null ordering: NONE
19:07:11.243 [main] DEBUG org.hibernate.cfg.Settings - Order SQL updates by primary key: disabled
19:07:11.243 [main] DEBUG org.hibernate.cfg.Settings - Order SQL inserts for batching: disabled
19:07:11.243 [main] DEBUG org.hibernate.cfg.Settings - multi-tenancy strategy : NONE
19:07:11.243 [main] DEBUG org.hibernate.cfg.Settings - JTA Track by Thread: enabled
19:07:11.243 [main] DEBUG org.hibernate.cfg.Settings - Query language substitutions: {}
19:07:11.243 [main] DEBUG org.hibernate.cfg.Settings - JPA query language strict compliance: disabled
19:07:11.244 [main] DEBUG org.hibernate.cfg.Settings - Named query checking : enabled
19:07:11.244 [main] DEBUG org.hibernate.cfg.Settings - Second-level cache: enabled
19:07:11.244 [main] DEBUG org.hibernate.cfg.Settings - Second-level query cache: disabled
19:07:11.244 [main] DEBUG org.hibernate.cfg.Settings - Second-level query cache factory: org.hibernate.cache.internal.StandardQueryCacheFactory@b93aad
19:07:11.244 [main] DEBUG org.hibernate.cfg.Settings - Second-level cache region prefix: null
19:07:11.244 [main] DEBUG org.hibernate.cfg.Settings - Optimize second-level cache for minimal puts: disabled
19:07:11.244 [main] DEBUG org.hibernate.cfg.Settings - Structured second-level cache entries: disabled
19:07:11.244 [main] DEBUG org.hibernate.cfg.Settings - Second-level cache direct-reference entries: disabled
19:07:11.244 [main] DEBUG org.hibernate.cfg.Settings - Automatic eviction of collection cache: disabled
19:07:11.244 [main] DEBUG org.hibernate.cfg.Settings - JDBC batch size: 15
19:07:11.244 [main] DEBUG org.hibernate.cfg.Settings - JDBC batch updates for versioned data: disabled
19:07:11.245 [main] DEBUG org.hibernate.cfg.Settings - Scrollable result sets: enabled
19:07:11.245 [main] DEBUG org.hibernate.cfg.Settings - Wrap result sets: disabled
19:07:11.245 [main] DEBUG org.hibernate.cfg.Settings - JDBC3 getGeneratedKeys(): disabled
19:07:11.245 [main] DEBUG org.hibernate.cfg.Settings - JDBC result set fetch size: null
19:07:11.245 [main] DEBUG org.hibernate.cfg.Settings - Connection release mode: ON_CLOSE
19:07:11.245 [main] DEBUG org.hibernate.cfg.Settings - Generate SQL with comments: disabled
19:07:11.329 [main] DEBUG o.h.internal.SessionFactoryImpl - Session factory constructed with filter configurations : {}
19:07:11.330 [main] DEBUG o.h.internal.SessionFactoryImpl - Instantiating session factory with properties: {hibernate.connection.password=LY828927, java.runtime.name=Java(TM) SE Runtime Environment, java.vm.version=25.101-b13, hibernate.default_schema=LUYUE, sun.boot.library.path=/Library/Java/JavaVirtualMachines/jdk1.8.0_101.jdk/Contents/Home/jre/lib, hibernate.connection.username=LUYUE, hibernate.boot.CfgXmlAccessService.key=org.hibernate.boot.cfgxml.spi.LoadedConfig@18e8473e, gopherProxySet=false, java.vm.vendor=Oracle Corporation, java.vendor.url=http://java.oracle.com/, path.separator=:, java.vm.name=Java HotSpot(TM) 64-Bit Server VM, file.encoding.pkg=sun.io, sun.os.patch.level=unknown, user.country=US, sun.java.launcher=SUN_STANDARD, java.vm.specification.name=Java Virtual Machine Specification, user.dir=/Users/luyue/git/PS6Starter/PS6_DAL, java.runtime.version=1.8.0_101-b13, java.awt.graphicsenv=sun.awt.CGraphicsEnvironment, basedir=/Users/luyue/git/PS6Starter/PS6_DAL, os.arch=x86_64, java.endorsed.dirs=/Library/Java/JavaVirtualMachines/jdk1.8.0_101.jdk/Contents/Home/jre/lib/endorsed, surefire.real.class.path=/Users/luyue/git/PS6Starter/PS6_DAL/target/surefire/surefirebooter1971590896501011854.jar, java.io.tmpdir=/var/folders/l1/lz65b6ts7vqdrqhwhh89qx540000gn/T/, line.separator=
, java.vm.specification.vendor=Oracle Corporation, os.name=Mac OS X, sun.jnu.encoding=UTF-8, java.library.path=/Users/luyue/Library/Java/Extensions:/Library/Java/Extensions:/Network/Library/Java/Extensions:/System/Library/Java/Extensions:/usr/lib/java:., surefire.test.class.path=/Users/luyue/git/PS6Starter/PS6_DAL/target/test-classes:/Users/luyue/git/PS6Starter/PS6_DAL/target/classes:/Users/luyue/.m2/repository/org/springframework/spring-context/3.2.3.RELEASE/spring-context-3.2.3.RELEASE.jar:/Users/luyue/.m2/repository/org/springframework/spring-aop/3.2.3.RELEASE/spring-aop-3.2.3.RELEASE.jar:/Users/luyue/.m2/repository/org/springframework/spring-beans/3.2.3.RELEASE/spring-beans-3.2.3.RELEASE.jar:/Users/luyue/.m2/repository/org/springframework/spring-core/3.2.3.RELEASE/spring-core-3.2.3.RELEASE.jar:/Users/luyue/.m2/repository/commons-logging/commons-logging/1.1.1/commons-logging-1.1.1.jar:/Users/luyue/.m2/repository/org/springframework/spring-expression/3.2.3.RELEASE/spring-expression-3.2.3.RELEASE.jar:/Users/luyue/.m2/repository/org/springframework/spring-tx/3.2.3.RELEASE/spring-tx-3.2.3.RELEASE.jar:/Users/luyue/.m2/repository/aopalliance/aopalliance/1.0/aopalliance-1.0.jar:/Users/luyue/.m2/repository/org/slf4j/slf4j-api/1.7.5/slf4j-api-1.7.5.jar:/Users/luyue/.m2/repository/ch/qos/logback/logback-classic/1.0.13/logback-classic-1.0.13.jar:/Users/luyue/.m2/repository/ch/qos/logback/logback-core/1.0.13/logback-core-1.0.13.jar:/Users/luyue/.m2/repository/org/hibernate/hibernate-entitymanager/5.0.2.Final/hibernate-entitymanager-5.0.2.Final.jar:/Users/luyue/.m2/repository/org/jboss/logging/jboss-logging/3.3.0.Final/jboss-logging-3.3.0.Final.jar:/Users/luyue/.m2/repository/org/hibernate/hibernate-core/5.0.2.Final/hibernate-core-5.0.2.Final.jar:/Users/luyue/.m2/repository/antlr/antlr/2.7.7/antlr-2.7.7.jar:/Users/luyue/.m2/repository/org/jboss/jandex/1.2.2.Final/jandex-1.2.2.Final.jar:/Users/luyue/.m2/repository/dom4j/dom4j/1.6.1/dom4j-1.6.1.jar:/Users/luyue/.m2/repository/xml-apis/xml-apis/1.0.b2/xml-apis-1.0.b2.jar:/Users/luyue/.m2/repository/org/hibernate/common/hibernate-commons-annotations/5.0.0.Final/hibernate-commons-annotations-5.0.0.Final.jar:/Users/luyue/.m2/repository/org/hibernate/javax/persistence/hibernate-jpa-2.1-api/1.0.0.Final/hibernate-jpa-2.1-api-1.0.0.Final.jar:/Users/luyue/.m2/repository/org/apache/geronimo/specs/geronimo-jta_1.1_spec/1.1.1/geronimo-jta_1.1_spec-1.1.1.jar:/Users/luyue/.m2/repository/org/javassist/javassist/3.18.1-GA/javassist-3.18.1-GA.jar:/Users/luyue/.m2/repository/org/springframework/spring-test/3.2.3.RELEASE/spring-test-3.2.3.RELEASE.jar:/Users/luyue/.m2/repository/junit/junit/4.11/junit-4.11.jar:/Users/luyue/.m2/repository/org/hamcrest/hamcrest-core/1.3/hamcrest-core-1.3.jar:/Users/luyue/.m2/repository/com/oracle/ojdbc6/11.2.0.3/ojdbc6-11.2.0.3.jar:, java.class.version=52.0, java.specification.name=Java Platform API Specification, sun.management.compiler=HotSpot 64-Bit Tiered Compilers, os.version=10.11.4, http.nonProxyHosts=local|*.local|169.254/16|*.169.254/16, user.home=/Users/luyue, user.timezone=America/New_York, java.awt.printerjob=sun.lwawt.macosx.CPrinterJob, file.encoding=UTF-8, java.specification.version=1.8, hibernate.format_sql=true, show_sql=true, user.name=luyue, java.class.path=/Users/luyue/git/PS6Starter/PS6_DAL/target/test-classes:/Users/luyue/git/PS6Starter/PS6_DAL/target/classes:/Users/luyue/.m2/repository/org/springframework/spring-context/3.2.3.RELEASE/spring-context-3.2.3.RELEASE.jar:/Users/luyue/.m2/repository/org/springframework/spring-aop/3.2.3.RELEASE/spring-aop-3.2.3.RELEASE.jar:/Users/luyue/.m2/repository/org/springframework/spring-beans/3.2.3.RELEASE/spring-beans-3.2.3.RELEASE.jar:/Users/luyue/.m2/repository/org/springframework/spring-core/3.2.3.RELEASE/spring-core-3.2.3.RELEASE.jar:/Users/luyue/.m2/repository/commons-logging/commons-logging/1.1.1/commons-logging-1.1.1.jar:/Users/luyue/.m2/repository/org/springframework/spring-expression/3.2.3.RELEASE/spring-expression-3.2.3.RELEASE.jar:/Users/luyue/.m2/repository/org/springframework/spring-tx/3.2.3.RELEASE/spring-tx-3.2.3.RELEASE.jar:/Users/luyue/.m2/repository/aopalliance/aopalliance/1.0/aopalliance-1.0.jar:/Users/luyue/.m2/repository/org/slf4j/slf4j-api/1.7.5/slf4j-api-1.7.5.jar:/Users/luyue/.m2/repository/ch/qos/logback/logback-classic/1.0.13/logback-classic-1.0.13.jar:/Users/luyue/.m2/repository/ch/qos/logback/logback-core/1.0.13/logback-core-1.0.13.jar:/Users/luyue/.m2/repository/org/hibernate/hibernate-entitymanager/5.0.2.Final/hibernate-entitymanager-5.0.2.Final.jar:/Users/luyue/.m2/repository/org/jboss/logging/jboss-logging/3.3.0.Final/jboss-logging-3.3.0.Final.jar:/Users/luyue/.m2/repository/org/hibernate/hibernate-core/5.0.2.Final/hibernate-core-5.0.2.Final.jar:/Users/luyue/.m2/repository/antlr/antlr/2.7.7/antlr-2.7.7.jar:/Users/luyue/.m2/repository/org/jboss/jandex/1.2.2.Final/jandex-1.2.2.Final.jar:/Users/luyue/.m2/repository/dom4j/dom4j/1.6.1/dom4j-1.6.1.jar:/Users/luyue/.m2/repository/xml-apis/xml-apis/1.0.b2/xml-apis-1.0.b2.jar:/Users/luyue/.m2/repository/org/hibernate/common/hibernate-commons-annotations/5.0.0.Final/hibernate-commons-annotations-5.0.0.Final.jar:/Users/luyue/.m2/repository/org/hibernate/javax/persistence/hibernate-jpa-2.1-api/1.0.0.Final/hibernate-jpa-2.1-api-1.0.0.Final.jar:/Users/luyue/.m2/repository/org/apache/geronimo/specs/geronimo-jta_1.1_spec/1.1.1/geronimo-jta_1.1_spec-1.1.1.jar:/Users/luyue/.m2/repository/org/javassist/javassist/3.18.1-GA/javassist-3.18.1-GA.jar:/Users/luyue/.m2/repository/org/springframework/spring-test/3.2.3.RELEASE/spring-test-3.2.3.RELEASE.jar:/Users/luyue/.m2/repository/junit/junit/4.11/junit-4.11.jar:/Users/luyue/.m2/repository/org/hamcrest/hamcrest-core/1.3/hamcrest-core-1.3.jar:/Users/luyue/.m2/repository/com/oracle/ojdbc6/11.2.0.3/ojdbc6-11.2.0.3.jar:, hibernate.bytecode.use_reflection_optimizer=false, format_sql=true, hibernate.show_sql=true, java.vm.specification.version=1.8, sun.arch.data.model=64, sun.java.command=/Users/luyue/git/PS6Starter/PS6_DAL/target/surefire/surefirebooter1971590896501011854.jar /Users/luyue/git/PS6Starter/PS6_DAL/target/surefire/surefire1477155702449915201tmp /Users/luyue/git/PS6Starter/PS6_DAL/target/surefire/surefire_07036776869525604361tmp, java.home=/Library/Java/JavaVirtualMachines/jdk1.8.0_101.jdk/Contents/Home/jre, hibernate.connection.url=jdbc:oracle:thin:@cisc181.canrkwijj6g6.us-east-1.rds.amazonaws.com:1521:ORCL, hibernate.dialect=org.hibernate.dialect.Oracle10gDialect, user.language=en, java.specification.vendor=Oracle Corporation, awt.toolkit=sun.lwawt.macosx.LWCToolkit, java.vm.info=mixed mode, java.version=1.8.0_101, java.ext.dirs=/Users/luyue/Library/Java/Extensions:/Library/Java/JavaVirtualMachines/jdk1.8.0_101.jdk/Contents/Home/jre/lib/ext:/Library/Java/Extensions:/Network/Library/Java/Extensions:/System/Library/Java/Extensions:/usr/lib/java, sun.boot.class.path=/Library/Java/JavaVirtualMachines/jdk1.8.0_101.jdk/Contents/Home/jre/lib/resources.jar:/Library/Java/JavaVirtualMachines/jdk1.8.0_101.jdk/Contents/Home/jre/lib/rt.jar:/Library/Java/JavaVirtualMachines/jdk1.8.0_101.jdk/Contents/Home/jre/lib/sunrsasign.jar:/Library/Java/JavaVirtualMachines/jdk1.8.0_101.jdk/Contents/Home/jre/lib/jsse.jar:/Library/Java/JavaVirtualMachines/jdk1.8.0_101.jdk/Contents/Home/jre/lib/jce.jar:/Library/Java/JavaVirtualMachines/jdk1.8.0_101.jdk/Contents/Home/jre/lib/charsets.jar:/Library/Java/JavaVirtualMachines/jdk1.8.0_101.jdk/Contents/Home/jre/lib/jfr.jar:/Library/Java/JavaVirtualMachines/jdk1.8.0_101.jdk/Contents/Home/jre/classes, java.vendor=Oracle Corporation, localRepository=/Users/luyue/.m2/repository, file.separator=/, java.vendor.url.bug=http://bugreport.sun.com/bugreport/, hibernate.hbm2ddl.auto=update, sun.io.unicode.encoding=UnicodeBig, sun.cpu.endian=little, socksNonProxyHosts=local|*.local|169.254/16|*.169.254/16, ftp.nonProxyHosts=local|*.local|169.254/16|*.169.254/16, sun.cpu.isalist=}
19:07:11.360 [main] DEBUG o.h.secure.spi.JaccIntegrator - Skipping JACC integration as it was not enabled
19:07:11.417 [main] DEBUG o.h.b.internal.ClassLoaderAccessImpl - Not known whether passed class name [domain.PersonDomainModel] is safe
19:07:11.417 [main] DEBUG o.h.b.internal.ClassLoaderAccessImpl - No temp ClassLoader provided; using live ClassLoader for loading potentially unsafe class : domain.PersonDomainModel
19:07:11.439 [main] DEBUG o.h.b.internal.ClassLoaderAccessImpl - Not known whether passed class name [domain.PersonDomainModel] is safe
19:07:11.440 [main] DEBUG o.h.b.internal.ClassLoaderAccessImpl - No temp ClassLoader provided; using live ClassLoader for loading potentially unsafe class : domain.PersonDomainModel
19:07:11.622 [main] DEBUG o.h.b.internal.ClassLoaderAccessImpl - Not known whether passed class name [domain.StudentDomainModel] is safe
19:07:11.623 [main] DEBUG o.h.b.internal.ClassLoaderAccessImpl - No temp ClassLoader provided; using live ClassLoader for loading potentially unsafe class : domain.StudentDomainModel
19:07:11.624 [main] DEBUG o.h.b.internal.ClassLoaderAccessImpl - Not known whether passed class name [domain.StudentDomainModel] is safe
19:07:11.624 [main] DEBUG o.h.b.internal.ClassLoaderAccessImpl - No temp ClassLoader provided; using live ClassLoader for loading potentially unsafe class : domain.StudentDomainModel
19:07:11.634 [main] DEBUG o.h.p.entity.AbstractEntityPersister - Static SQL for entity: domain.PersonDomainModel
19:07:11.635 [main] DEBUG o.h.p.entity.AbstractEntityPersister -  Version select: select PersonID from LUYUE.per where PersonID =?
19:07:11.635 [main] DEBUG o.h.p.entity.AbstractEntityPersister -  Snapshot select: select persondoma_.PersonID, persondoma_.firstName as firstName2_0_, persondoma_.middleName as middleName3_0_, persondoma_.lastName as lastName4_0_, persondoma_.street as street5_0_, persondoma_.postalCode as postalCode6_0_, persondoma_.city as city7_0_, persondoma_.birthday as birthday8_0_ from LUYUE.per persondoma_ where persondoma_.PersonID=?
19:07:11.636 [main] DEBUG o.h.p.entity.AbstractEntityPersister -  Insert 0: insert into LUYUE.per (firstName, middleName, lastName, street, postalCode, city, birthday, PersonID) values (?, ?, ?, ?, ?, ?, ?, ?)
19:07:11.637 [main] DEBUG o.h.p.entity.AbstractEntityPersister -  Update 0: update LUYUE.per set firstName=?, middleName=?, lastName=?, street=?, postalCode=?, city=?, birthday=? where PersonID=?
19:07:11.637 [main] DEBUG o.h.p.entity.AbstractEntityPersister -  Delete 0: delete from LUYUE.per where PersonID=?
19:07:11.665 [main] DEBUG o.h.l.p.b.i.spaces.QuerySpacesImpl - Adding QuerySpace : uid = &lt;gen:0&gt; -&gt; org.hibernate.loader.plan.build.internal.spaces.EntityQuerySpaceImpl@667e34b1]
19:07:11.670 [main] DEBUG o.h.p.w.spi.MetamodelGraphWalker - Visiting attribute path : firstName
19:07:11.671 [main] DEBUG o.h.p.w.spi.MetamodelGraphWalker - Visiting attribute path : middleName
19:07:11.671 [main] DEBUG o.h.p.w.spi.MetamodelGraphWalker - Visiting attribute path : lastName
19:07:11.671 [main] DEBUG o.h.p.w.spi.MetamodelGraphWalker - Visiting attribute path : street
19:07:11.671 [main] DEBUG o.h.p.w.spi.MetamodelGraphWalker - Visiting attribute path : postalCode
19:07:11.671 [main] DEBUG o.h.p.w.spi.MetamodelGraphWalker - Visiting attribute path : city
19:07:11.671 [main] DEBUG o.h.p.w.spi.MetamodelGraphWalker - Visiting attribute path : birthday
19:07:11.672 [main] DEBUG o.h.l.p.b.i.FetchStyleLoadPlanBuildingAssociationVisitationStrategy - Building LoadPlan...
19:07:11.690 [main] DEBUG o.h.l.p.e.i.LoadQueryJoinAndFetchProcessor - processing queryspace &lt;gen:0&gt;
19:07:11.694 [main] DEBUG o.h.l.p.b.spi.LoadPlanTreePrinter - LoadPlan(entity=domain.PersonDomainModel)
    - Returns
       - EntityReturnImpl(entity=domain.PersonDomainModel, querySpaceUid=&lt;gen:0&gt;, path=domain.PersonDomainModel)
    - QuerySpaces
       - EntityQuerySpaceImpl(uid=&lt;gen:0&gt;, entity=domain.PersonDomainModel)
          - SQL table alias mapping - persondoma0_
          - alias suffix - 0_
          - suffixed key columns - {PersonID1_0_0_}

19:07:11.704 [main] DEBUG o.h.loader.entity.plan.EntityLoader - Static select for entity domain.PersonDomainModel [NONE]: select persondoma0_.PersonID as PersonID1_0_0_, persondoma0_.firstName as firstName2_0_0_, persondoma0_.middleName as middleName3_0_0_, persondoma0_.lastName as lastName4_0_0_, persondoma0_.street as street5_0_0_, persondoma0_.postalCode as postalCode6_0_0_, persondoma0_.city as city7_0_0_, persondoma0_.birthday as birthday8_0_0_ from LUYUE.per persondoma0_ where persondoma0_.PersonID=?
19:07:11.704 [main] DEBUG o.h.l.p.b.i.spaces.QuerySpacesImpl - Adding QuerySpace : uid = &lt;gen:0&gt; -&gt; org.hibernate.loader.plan.build.internal.spaces.EntityQuerySpaceImpl@2160e52a]
19:07:11.705 [main] DEBUG o.h.p.w.spi.MetamodelGraphWalker - Visiting attribute path : firstName
19:07:11.705 [main] DEBUG o.h.p.w.spi.MetamodelGraphWalker - Visiting attribute path : middleName
19:07:11.705 [main] DEBUG o.h.p.w.spi.MetamodelGraphWalker - Visiting attribute path : lastName
19:07:11.705 [main] DEBUG o.h.p.w.spi.MetamodelGraphWalker - Visiting attribute path : street
19:07:11.705 [main] DEBUG o.h.p.w.spi.MetamodelGraphWalker - Visiting attribute path : postalCode
19:07:11.705 [main] DEBUG o.h.p.w.spi.MetamodelGraphWalker - Visiting attribute path : city
19:07:11.706 [main] DEBUG o.h.p.w.spi.MetamodelGraphWalker - Visiting attribute path : birthday
19:07:11.706 [main] DEBUG o.h.l.p.b.i.FetchStyleLoadPlanBuildingAssociationVisitationStrategy - Building LoadPlan...
19:07:11.706 [main] DEBUG o.h.l.p.e.i.LoadQueryJoinAndFetchProcessor - processing queryspace &lt;gen:0&gt;
19:07:11.707 [main] DEBUG o.h.l.p.b.spi.LoadPlanTreePrinter - LoadPlan(entity=domain.PersonDomainModel)
    - Returns
       - EntityReturnImpl(entity=domain.PersonDomainModel, querySpaceUid=&lt;gen:0&gt;, path=domain.PersonDomainModel)
    - QuerySpaces
       - EntityQuerySpaceImpl(uid=&lt;gen:0&gt;, entity=domain.PersonDomainModel)
          - SQL table alias mapping - persondoma0_
          - alias suffix - 0_
          - suffixed key columns - {PersonID1_0_0_}

19:07:11.707 [main] DEBUG o.h.loader.entity.plan.EntityLoader - Static select for entity domain.PersonDomainModel [READ]: select persondoma0_.PersonID as PersonID1_0_0_, persondoma0_.firstName as firstName2_0_0_, persondoma0_.middleName as middleName3_0_0_, persondoma0_.lastName as lastName4_0_0_, persondoma0_.street as street5_0_0_, persondoma0_.postalCode as postalCode6_0_0_, persondoma0_.city as city7_0_0_, persondoma0_.birthday as birthday8_0_0_ from LUYUE.per persondoma0_ where persondoma0_.PersonID=?
19:07:11.707 [main] DEBUG o.h.l.p.b.i.spaces.QuerySpacesImpl - Adding QuerySpace : uid = &lt;gen:0&gt; -&gt; org.hibernate.loader.plan.build.internal.spaces.EntityQuerySpaceImpl@3a60c416]
19:07:11.707 [main] DEBUG o.h.p.w.spi.MetamodelGraphWalker - Visiting attribute path : firstName
19:07:11.708 [main] DEBUG o.h.p.w.spi.MetamodelGraphWalker - Visiting attribute path : middleName
19:07:11.708 [main] DEBUG o.h.p.w.spi.MetamodelGraphWalker - Visiting attribute path : lastName
19:07:11.708 [main] DEBUG o.h.p.w.spi.MetamodelGraphWalker - Visiting attribute path : street
19:07:11.708 [main] DEBUG o.h.p.w.spi.MetamodelGraphWalker - Visiting attribute path : postalCode
19:07:11.708 [main] DEBUG o.h.p.w.spi.MetamodelGraphWalker - Visiting attribute path : city
19:07:11.708 [main] DEBUG o.h.p.w.spi.MetamodelGraphWalker - Visiting attribute path : birthday
19:07:11.708 [main] DEBUG o.h.l.p.b.i.FetchStyleLoadPlanBuildingAssociationVisitationStrategy - Building LoadPlan...
19:07:11.709 [main] DEBUG o.h.l.p.e.i.LoadQueryJoinAndFetchProcessor - processing queryspace &lt;gen:0&gt;
19:07:11.709 [main] DEBUG o.h.l.p.b.spi.LoadPlanTreePrinter - LoadPlan(entity=domain.PersonDomainModel)
    - Returns
       - EntityReturnImpl(entity=domain.PersonDomainModel, querySpaceUid=&lt;gen:0&gt;, path=domain.PersonDomainModel)
    - QuerySpaces
       - EntityQuerySpaceImpl(uid=&lt;gen:0&gt;, entity=domain.PersonDomainModel)
          - SQL table alias mapping - persondoma0_
          - alias suffix - 0_
          - suffixed key columns - {PersonID1_0_0_}

19:07:11.709 [main] DEBUG o.h.loader.entity.plan.EntityLoader - Static select for entity domain.PersonDomainModel [UPGRADE]: select persondoma0_.PersonID as PersonID1_0_0_, persondoma0_.firstName as firstName2_0_0_, persondoma0_.middleName as middleName3_0_0_, persondoma0_.lastName as lastName4_0_0_, persondoma0_.street as street5_0_0_, persondoma0_.postalCode as postalCode6_0_0_, persondoma0_.city as city7_0_0_, persondoma0_.birthday as birthday8_0_0_ from LUYUE.per persondoma0_ where persondoma0_.PersonID=? for update
19:07:11.709 [main] DEBUG o.h.l.p.b.i.spaces.QuerySpacesImpl - Adding QuerySpace : uid = &lt;gen:0&gt; -&gt; org.hibernate.loader.plan.build.internal.spaces.EntityQuerySpaceImpl@469d003c]
19:07:11.710 [main] DEBUG o.h.p.w.spi.MetamodelGraphWalker - Visiting attribute path : firstName
19:07:11.710 [main] DEBUG o.h.p.w.spi.MetamodelGraphWalker - Visiting attribute path : middleName
19:07:11.710 [main] DEBUG o.h.p.w.spi.MetamodelGraphWalker - Visiting attribute path : lastName
19:07:11.710 [main] DEBUG o.h.p.w.spi.MetamodelGraphWalker - Visiting attribute path : street
19:07:11.710 [main] DEBUG o.h.p.w.spi.MetamodelGraphWalker - Visiting attribute path : postalCode
19:07:11.710 [main] DEBUG o.h.p.w.spi.MetamodelGraphWalker - Visiting attribute path : city
19:07:11.710 [main] DEBUG o.h.p.w.spi.MetamodelGraphWalker - Visiting attribute path : birthday
19:07:11.711 [main] DEBUG o.h.l.p.b.i.FetchStyleLoadPlanBuildingAssociationVisitationStrategy - Building LoadPlan...
19:07:11.711 [main] DEBUG o.h.l.p.e.i.LoadQueryJoinAndFetchProcessor - processing queryspace &lt;gen:0&gt;
19:07:11.712 [main] DEBUG o.h.l.p.b.spi.LoadPlanTreePrinter - LoadPlan(entity=domain.PersonDomainModel)
    - Returns
       - EntityReturnImpl(entity=domain.PersonDomainModel, querySpaceUid=&lt;gen:0&gt;, path=domain.PersonDomainModel)
    - QuerySpaces
       - EntityQuerySpaceImpl(uid=&lt;gen:0&gt;, entity=domain.PersonDomainModel)
          - SQL table alias mapping - persondoma0_
          - alias suffix - 0_
          - suffixed key columns - {PersonID1_0_0_}

19:07:11.712 [main] DEBUG o.h.loader.entity.plan.EntityLoader - Static select for entity domain.PersonDomainModel [UPGRADE_NOWAIT]: select persondoma0_.PersonID as PersonID1_0_0_, persondoma0_.firstName as firstName2_0_0_, persondoma0_.middleName as middleName3_0_0_, persondoma0_.lastName as lastName4_0_0_, persondoma0_.street as street5_0_0_, persondoma0_.postalCode as postalCode6_0_0_, persondoma0_.city as city7_0_0_, persondoma0_.birthday as birthday8_0_0_ from LUYUE.per persondoma0_ where persondoma0_.PersonID=? for update nowait
19:07:11.713 [main] DEBUG o.h.l.p.b.i.spaces.QuerySpacesImpl - Adding QuerySpace : uid = &lt;gen:0&gt; -&gt; org.hibernate.loader.plan.build.internal.spaces.EntityQuerySpaceImpl@57bd2029]
19:07:11.717 [main] DEBUG o.h.p.w.spi.MetamodelGraphWalker - Visiting attribute path : firstName
19:07:11.718 [main] DEBUG o.h.p.w.spi.MetamodelGraphWalker - Visiting attribute path : middleName
19:07:11.718 [main] DEBUG o.h.p.w.spi.MetamodelGraphWalker - Visiting attribute path : lastName
19:07:11.719 [main] DEBUG o.h.p.w.spi.MetamodelGraphWalker - Visiting attribute path : street
19:07:11.719 [main] DEBUG o.h.p.w.spi.MetamodelGraphWalker - Visiting attribute path : postalCode
19:07:11.719 [main] DEBUG o.h.p.w.spi.MetamodelGraphWalker - Visiting attribute path : city
19:07:11.720 [main] DEBUG o.h.p.w.spi.MetamodelGraphWalker - Visiting attribute path : birthday
19:07:11.720 [main] DEBUG o.h.l.p.b.i.FetchStyleLoadPlanBuildingAssociationVisitationStrategy - Building LoadPlan...
19:07:11.721 [main] DEBUG o.h.l.p.e.i.LoadQueryJoinAndFetchProcessor - processing queryspace &lt;gen:0&gt;
19:07:11.724 [main] DEBUG o.h.l.p.b.spi.LoadPlanTreePrinter - LoadPlan(entity=domain.PersonDomainModel)
    - Returns
       - EntityReturnImpl(entity=domain.PersonDomainModel, querySpaceUid=&lt;gen:0&gt;, path=domain.PersonDomainModel)
    - QuerySpaces
       - EntityQuerySpaceImpl(uid=&lt;gen:0&gt;, entity=domain.PersonDomainModel)
          - SQL table alias mapping - persondoma0_
          - alias suffix - 0_
          - suffixed key columns - {PersonID1_0_0_}

19:07:11.725 [main] DEBUG o.h.loader.entity.plan.EntityLoader - Static select for entity domain.PersonDomainModel [UPGRADE_SKIPLOCKED]: select persondoma0_.PersonID as PersonID1_0_0_, persondoma0_.firstName as firstName2_0_0_, persondoma0_.middleName as middleName3_0_0_, persondoma0_.lastName as lastName4_0_0_, persondoma0_.street as street5_0_0_, persondoma0_.postalCode as postalCode6_0_0_, persondoma0_.city as city7_0_0_, persondoma0_.birthday as birthday8_0_0_ from LUYUE.per persondoma0_ where persondoma0_.PersonID=? for update skip locked
19:07:11.726 [main] DEBUG o.h.l.p.b.i.spaces.QuerySpacesImpl - Adding QuerySpace : uid = &lt;gen:0&gt; -&gt; org.hibernate.loader.plan.build.internal.spaces.EntityQuerySpaceImpl@e8fadb0]
19:07:11.726 [main] DEBUG o.h.p.w.spi.MetamodelGraphWalker - Visiting attribute path : firstName
19:07:11.726 [main] DEBUG o.h.p.w.spi.MetamodelGraphWalker - Visiting attribute path : middleName
19:07:11.726 [main] DEBUG o.h.p.w.spi.MetamodelGraphWalker - Visiting attribute path : lastName
19:07:11.727 [main] DEBUG o.h.p.w.spi.MetamodelGraphWalker - Visiting attribute path : street
19:07:11.727 [main] DEBUG o.h.p.w.spi.MetamodelGraphWalker - Visiting attribute path : postalCode
19:07:11.727 [main] DEBUG o.h.p.w.spi.MetamodelGraphWalker - Visiting attribute path : city
19:07:11.727 [main] DEBUG o.h.p.w.spi.MetamodelGraphWalker - Visiting attribute path : birthday
19:07:11.727 [main] DEBUG o.h.l.p.b.i.FetchStyleLoadPlanBuildingAssociationVisitationStrategy - Building LoadPlan...
19:07:11.728 [main] DEBUG o.h.l.p.e.i.LoadQueryJoinAndFetchProcessor - processing queryspace &lt;gen:0&gt;
19:07:11.728 [main] DEBUG o.h.l.p.b.spi.LoadPlanTreePrinter - LoadPlan(entity=domain.PersonDomainModel)
    - Returns
       - EntityReturnImpl(entity=domain.PersonDomainModel, querySpaceUid=&lt;gen:0&gt;, path=domain.PersonDomainModel)
    - QuerySpaces
       - EntityQuerySpaceImpl(uid=&lt;gen:0&gt;, entity=domain.PersonDomainModel)
          - SQL table alias mapping - persondoma0_
          - alias suffix - 0_
          - suffixed key columns - {PersonID1_0_0_}

19:07:11.729 [main] DEBUG o.h.loader.entity.plan.EntityLoader - Static select for entity domain.PersonDomainModel [FORCE]: select persondoma0_.PersonID as PersonID1_0_0_, persondoma0_.firstName as firstName2_0_0_, persondoma0_.middleName as middleName3_0_0_, persondoma0_.lastName as lastName4_0_0_, persondoma0_.street as street5_0_0_, persondoma0_.postalCode as postalCode6_0_0_, persondoma0_.city as city7_0_0_, persondoma0_.birthday as birthday8_0_0_ from LUYUE.per persondoma0_ where persondoma0_.PersonID=? for update nowait
19:07:11.729 [main] DEBUG o.h.l.p.b.i.spaces.QuerySpacesImpl - Adding QuerySpace : uid = &lt;gen:0&gt; -&gt; org.hibernate.loader.plan.build.internal.spaces.EntityQuerySpaceImpl@53667cbe]
19:07:11.729 [main] DEBUG o.h.p.w.spi.MetamodelGraphWalker - Visiting attribute path : firstName
19:07:11.730 [main] DEBUG o.h.p.w.spi.MetamodelGraphWalker - Visiting attribute path : middleName
19:07:11.730 [main] DEBUG o.h.p.w.spi.MetamodelGraphWalker - Visiting attribute path : lastName
19:07:11.730 [main] DEBUG o.h.p.w.spi.MetamodelGraphWalker - Visiting attribute path : street
19:07:11.730 [main] DEBUG o.h.p.w.spi.MetamodelGraphWalker - Visiting attribute path : postalCode
19:07:11.730 [main] DEBUG o.h.p.w.spi.MetamodelGraphWalker - Visiting attribute path : city
19:07:11.731 [main] DEBUG o.h.p.w.spi.MetamodelGraphWalker - Visiting attribute path : birthday
19:07:11.731 [main] DEBUG o.h.l.p.b.i.FetchStyleLoadPlanBuildingAssociationVisitationStrategy - Building LoadPlan...
19:07:11.732 [main] DEBUG o.h.l.p.e.i.LoadQueryJoinAndFetchProcessor - processing queryspace &lt;gen:0&gt;
19:07:11.733 [main] DEBUG o.h.l.p.b.spi.LoadPlanTreePrinter - LoadPlan(entity=domain.PersonDomainModel)
    - Returns
       - EntityReturnImpl(entity=domain.PersonDomainModel, querySpaceUid=&lt;gen:0&gt;, path=domain.PersonDomainModel)
    - QuerySpaces
       - EntityQuerySpaceImpl(uid=&lt;gen:0&gt;, entity=domain.PersonDomainModel)
          - SQL table alias mapping - persondoma0_
          - alias suffix - 0_
          - suffixed key columns - {PersonID1_0_0_}

19:07:11.734 [main] DEBUG o.h.loader.entity.plan.EntityLoader - Static select for entity domain.PersonDomainModel [PESSIMISTIC_READ]: select persondoma0_.PersonID as PersonID1_0_0_, persondoma0_.firstName as firstName2_0_0_, persondoma0_.middleName as middleName3_0_0_, persondoma0_.lastName as lastName4_0_0_, persondoma0_.street as street5_0_0_, persondoma0_.postalCode as postalCode6_0_0_, persondoma0_.city as city7_0_0_, persondoma0_.birthday as birthday8_0_0_ from LUYUE.per persondoma0_ where persondoma0_.PersonID=? for update
19:07:11.735 [main] DEBUG o.h.l.p.b.i.spaces.QuerySpacesImpl - Adding QuerySpace : uid = &lt;gen:0&gt; -&gt; org.hibernate.loader.plan.build.internal.spaces.EntityQuerySpaceImpl@6eafb10e]
19:07:11.735 [main] DEBUG o.h.p.w.spi.MetamodelGraphWalker - Visiting attribute path : firstName
19:07:11.735 [main] DEBUG o.h.p.w.spi.MetamodelGraphWalker - Visiting attribute path : middleName
19:07:11.736 [main] DEBUG o.h.p.w.spi.MetamodelGraphWalker - Visiting attribute path : lastName
19:07:11.736 [main] DEBUG o.h.p.w.spi.MetamodelGraphWalker - Visiting attribute path : street
19:07:11.736 [main] DEBUG o.h.p.w.spi.MetamodelGraphWalker - Visiting attribute path : postalCode
19:07:11.736 [main] DEBUG o.h.p.w.spi.MetamodelGraphWalker - Visiting attribute path : city
19:07:11.736 [main] DEBUG o.h.p.w.spi.MetamodelGraphWalker - Visiting attribute path : birthday
19:07:11.737 [main] DEBUG o.h.l.p.b.i.FetchStyleLoadPlanBuildingAssociationVisitationStrategy - Building LoadPlan...
19:07:11.738 [main] DEBUG o.h.l.p.e.i.LoadQueryJoinAndFetchProcessor - processing queryspace &lt;gen:0&gt;
19:07:11.738 [main] DEBUG o.h.l.p.b.spi.LoadPlanTreePrinter - LoadPlan(entity=domain.PersonDomainModel)
    - Returns
       - EntityReturnImpl(entity=domain.PersonDomainModel, querySpaceUid=&lt;gen:0&gt;, path=domain.PersonDomainModel)
    - QuerySpaces
       - EntityQuerySpaceImpl(uid=&lt;gen:0&gt;, entity=domain.PersonDomainModel)
          - SQL table alias mapping - persondoma0_
          - alias suffix - 0_
          - suffixed key columns - {PersonID1_0_0_}

19:07:11.738 [main] DEBUG o.h.loader.entity.plan.EntityLoader - Static select for entity domain.PersonDomainModel [PESSIMISTIC_WRITE]: select persondoma0_.PersonID as PersonID1_0_0_, persondoma0_.firstName as firstName2_0_0_, persondoma0_.middleName as middleName3_0_0_, persondoma0_.lastName as lastName4_0_0_, persondoma0_.street as street5_0_0_, persondoma0_.postalCode as postalCode6_0_0_, persondoma0_.city as city7_0_0_, persondoma0_.birthday as birthday8_0_0_ from LUYUE.per persondoma0_ where persondoma0_.PersonID=? for update
19:07:11.739 [main] DEBUG o.h.l.p.b.i.spaces.QuerySpacesImpl - Adding QuerySpace : uid = &lt;gen:0&gt; -&gt; org.hibernate.loader.plan.build.internal.spaces.EntityQuerySpaceImpl@464a4442]
19:07:11.740 [main] DEBUG o.h.p.w.spi.MetamodelGraphWalker - Visiting attribute path : firstName
19:07:11.740 [main] DEBUG o.h.p.w.spi.MetamodelGraphWalker - Visiting attribute path : middleName
19:07:11.740 [main] DEBUG o.h.p.w.spi.MetamodelGraphWalker - Visiting attribute path : lastName
19:07:11.740 [main] DEBUG o.h.p.w.spi.MetamodelGraphWalker - Visiting attribute path : street
19:07:11.740 [main] DEBUG o.h.p.w.spi.MetamodelGraphWalker - Visiting attribute path : postalCode
19:07:11.741 [main] DEBUG o.h.p.w.spi.MetamodelGraphWalker - Visiting attribute path : city
19:07:11.741 [main] DEBUG o.h.p.w.spi.MetamodelGraphWalker - Visiting attribute path : birthday
19:07:11.741 [main] DEBUG o.h.l.p.b.i.FetchStyleLoadPlanBuildingAssociationVisitationStrategy - Building LoadPlan...
19:07:11.741 [main] DEBUG o.h.l.p.e.i.LoadQueryJoinAndFetchProcessor - processing queryspace &lt;gen:0&gt;
19:07:11.742 [main] DEBUG o.h.l.p.b.spi.LoadPlanTreePrinter - LoadPlan(entity=domain.PersonDomainModel)
    - Returns
       - EntityReturnImpl(entity=domain.PersonDomainModel, querySpaceUid=&lt;gen:0&gt;, path=domain.PersonDomainModel)
    - QuerySpaces
       - EntityQuerySpaceImpl(uid=&lt;gen:0&gt;, entity=domain.PersonDomainModel)
          - SQL table alias mapping - persondoma0_
          - alias suffix - 0_
          - suffixed key columns - {PersonID1_0_0_}

19:07:11.742 [main] DEBUG o.h.loader.entity.plan.EntityLoader - Static select for entity domain.PersonDomainModel [PESSIMISTIC_FORCE_INCREMENT]: select persondoma0_.PersonID as PersonID1_0_0_, persondoma0_.firstName as firstName2_0_0_, persondoma0_.middleName as middleName3_0_0_, persondoma0_.lastName as lastName4_0_0_, persondoma0_.street as street5_0_0_, persondoma0_.postalCode as postalCode6_0_0_, persondoma0_.city as city7_0_0_, persondoma0_.birthday as birthday8_0_0_ from LUYUE.per persondoma0_ where persondoma0_.PersonID=? for update nowait
19:07:11.743 [main] DEBUG o.h.l.p.b.i.spaces.QuerySpacesImpl - Adding QuerySpace : uid = &lt;gen:0&gt; -&gt; org.hibernate.loader.plan.build.internal.spaces.EntityQuerySpaceImpl@3bc735b3]
19:07:11.750 [main] DEBUG o.h.p.w.spi.MetamodelGraphWalker - Visiting attribute path : firstName
19:07:11.753 [main] DEBUG o.h.p.w.spi.MetamodelGraphWalker - Visiting attribute path : middleName
19:07:11.761 [main] DEBUG o.h.p.w.spi.MetamodelGraphWalker - Visiting attribute path : lastName
19:07:11.761 [main] DEBUG o.h.p.w.spi.MetamodelGraphWalker - Visiting attribute path : street
19:07:11.761 [main] DEBUG o.h.p.w.spi.MetamodelGraphWalker - Visiting attribute path : postalCode
19:07:11.761 [main] DEBUG o.h.p.w.spi.MetamodelGraphWalker - Visiting attribute path : city
19:07:11.762 [main] DEBUG o.h.p.w.spi.MetamodelGraphWalker - Visiting attribute path : birthday
19:07:11.765 [main] DEBUG o.h.l.p.b.i.FetchStyleLoadPlanBuildingAssociationVisitationStrategy - Building LoadPlan...
19:07:11.767 [main] DEBUG o.h.l.p.e.i.LoadQueryJoinAndFetchProcessor - processing queryspace &lt;gen:0&gt;
19:07:11.768 [main] DEBUG o.h.l.p.b.spi.LoadPlanTreePrinter - LoadPlan(entity=domain.PersonDomainModel)
    - Returns
       - EntityReturnImpl(entity=domain.PersonDomainModel, querySpaceUid=&lt;gen:0&gt;, path=domain.PersonDomainModel)
    - QuerySpaces
       - EntityQuerySpaceImpl(uid=&lt;gen:0&gt;, entity=domain.PersonDomainModel)
          - SQL table alias mapping - persondoma0_
          - alias suffix - 0_
          - suffixed key columns - {PersonID1_0_0_}

19:07:11.770 [main] DEBUG o.h.loader.entity.plan.EntityLoader - Static select for entity domain.PersonDomainModel [OPTIMISTIC]: select persondoma0_.PersonID as PersonID1_0_0_, persondoma0_.firstName as firstName2_0_0_, persondoma0_.middleName as middleName3_0_0_, persondoma0_.lastName as lastName4_0_0_, persondoma0_.street as street5_0_0_, persondoma0_.postalCode as postalCode6_0_0_, persondoma0_.city as city7_0_0_, persondoma0_.birthday as birthday8_0_0_ from LUYUE.per persondoma0_ where persondoma0_.PersonID=?
19:07:11.771 [main] DEBUG o.h.l.p.b.i.spaces.QuerySpacesImpl - Adding QuerySpace : uid = &lt;gen:0&gt; -&gt; org.hibernate.loader.plan.build.internal.spaces.EntityQuerySpaceImpl@4303b7f0]
19:07:11.771 [main] DEBUG o.h.p.w.spi.MetamodelGraphWalker - Visiting attribute path : firstName
19:07:11.771 [main] DEBUG o.h.p.w.spi.MetamodelGraphWalker - Visiting attribute path : middleName
19:07:11.772 [main] DEBUG o.h.p.w.spi.MetamodelGraphWalker - Visiting attribute path : lastName
19:07:11.772 [main] DEBUG o.h.p.w.spi.MetamodelGraphWalker - Visiting attribute path : street
19:07:11.772 [main] DEBUG o.h.p.w.spi.MetamodelGraphWalker - Visiting attribute path : postalCode
19:07:11.772 [main] DEBUG o.h.p.w.spi.MetamodelGraphWalker - Visiting attribute path : city
19:07:11.772 [main] DEBUG o.h.p.w.spi.MetamodelGraphWalker - Visiting attribute path : birthday
19:07:11.772 [main] DEBUG o.h.l.p.b.i.FetchStyleLoadPlanBuildingAssociationVisitationStrategy - Building LoadPlan...
19:07:11.773 [main] DEBUG o.h.l.p.e.i.LoadQueryJoinAndFetchProcessor - processing queryspace &lt;gen:0&gt;
19:07:11.774 [main] DEBUG o.h.l.p.b.spi.LoadPlanTreePrinter - LoadPlan(entity=domain.PersonDomainModel)
    - Returns
       - EntityReturnImpl(entity=domain.PersonDomainModel, querySpaceUid=&lt;gen:0&gt;, path=domain.PersonDomainModel)
    - QuerySpaces
       - EntityQuerySpaceImpl(uid=&lt;gen:0&gt;, entity=domain.PersonDomainModel)
          - SQL table alias mapping - persondoma0_
          - alias suffix - 0_
          - suffixed key columns - {PersonID1_0_0_}

19:07:11.774 [main] DEBUG o.h.loader.entity.plan.EntityLoader - Static select for entity domain.PersonDomainModel [OPTIMISTIC_FORCE_INCREMENT]: select persondoma0_.PersonID as PersonID1_0_0_, persondoma0_.firstName as firstName2_0_0_, persondoma0_.middleName as middleName3_0_0_, persondoma0_.lastName as lastName4_0_0_, persondoma0_.street as street5_0_0_, persondoma0_.postalCode as postalCode6_0_0_, persondoma0_.city as city7_0_0_, persondoma0_.birthday as birthday8_0_0_ from LUYUE.per persondoma0_ where persondoma0_.PersonID=?
19:07:11.820 [main] DEBUG org.hibernate.loader.Loader - Static select for action ACTION_MERGE on entity domain.PersonDomainModel: select persondoma0_.PersonID as PersonID1_0_0_, persondoma0_.firstName as firstName2_0_0_, persondoma0_.middleName as middleName3_0_0_, persondoma0_.lastName as lastName4_0_0_, persondoma0_.street as street5_0_0_, persondoma0_.postalCode as postalCode6_0_0_, persondoma0_.city as city7_0_0_, persondoma0_.birthday as birthday8_0_0_ from LUYUE.per persondoma0_ where persondoma0_.PersonID=?
19:07:11.821 [main] DEBUG org.hibernate.loader.Loader - Static select for action ACTION_REFRESH on entity domain.PersonDomainModel: select persondoma0_.PersonID as PersonID1_0_0_, persondoma0_.firstName as firstName2_0_0_, persondoma0_.middleName as middleName3_0_0_, persondoma0_.lastName as lastName4_0_0_, persondoma0_.street as street5_0_0_, persondoma0_.postalCode as postalCode6_0_0_, persondoma0_.city as city7_0_0_, persondoma0_.birthday as birthday8_0_0_ from LUYUE.per persondoma0_ where persondoma0_.PersonID=?
19:07:11.822 [main] DEBUG o.h.p.entity.AbstractEntityPersister - Static SQL for entity: domain.StudentDomainModel
19:07:11.822 [main] DEBUG o.h.p.entity.AbstractEntityPersister -  Version select: select StudentID from LUYUE.stu where StudentID =?
19:07:11.823 [main] DEBUG o.h.p.entity.AbstractEntityPersister -  Snapshot select: select studentdom_.StudentID, studentdom_.FirstName as FirstName2_1_, studentdom_.MiddleName as MiddleName3_1_, studentdom_.LastName as LastName4_1_, studentdom_.DOB as DOB5_1_ from LUYUE.stu studentdom_ where studentdom_.StudentID=?
19:07:11.823 [main] DEBUG o.h.p.entity.AbstractEntityPersister -  Insert 0: insert into LUYUE.stu (FirstName, MiddleName, LastName, DOB, StudentID) values (?, ?, ?, ?, ?)
19:07:11.823 [main] DEBUG o.h.p.entity.AbstractEntityPersister -  Update 0: update LUYUE.stu set FirstName=?, MiddleName=?, LastName=?, DOB=? where StudentID=?
19:07:11.823 [main] DEBUG o.h.p.entity.AbstractEntityPersister -  Delete 0: delete from LUYUE.stu where StudentID=?
19:07:11.824 [main] DEBUG o.h.l.p.b.i.spaces.QuerySpacesImpl - Adding QuerySpace : uid = &lt;gen:0&gt; -&gt; org.hibernate.loader.plan.build.internal.spaces.EntityQuerySpaceImpl@30feffc]
19:07:11.824 [main] DEBUG o.h.p.w.spi.MetamodelGraphWalker - Visiting attribute path : FirstName
19:07:11.824 [main] DEBUG o.h.p.w.spi.MetamodelGraphWalker - Visiting attribute path : MiddleName
19:07:11.824 [main] DEBUG o.h.p.w.spi.MetamodelGraphWalker - Visiting attribute path : LastName
19:07:11.825 [main] DEBUG o.h.p.w.spi.MetamodelGraphWalker - Visiting attribute path : DOB
19:07:11.825 [main] DEBUG o.h.l.p.b.i.FetchStyleLoadPlanBuildingAssociationVisitationStrategy - Building LoadPlan...
19:07:11.825 [main] DEBUG o.h.l.p.e.i.LoadQueryJoinAndFetchProcessor - processing queryspace &lt;gen:0&gt;
19:07:11.826 [main] DEBUG o.h.l.p.b.spi.LoadPlanTreePrinter - LoadPlan(entity=domain.StudentDomainModel)
    - Returns
       - EntityReturnImpl(entity=domain.StudentDomainModel, querySpaceUid=&lt;gen:0&gt;, path=domain.StudentDomainModel)
    - QuerySpaces
       - EntityQuerySpaceImpl(uid=&lt;gen:0&gt;, entity=domain.StudentDomainModel)
          - SQL table alias mapping - studentdom0_
          - alias suffix - 0_
          - suffixed key columns - {StudentID1_1_0_}

19:07:11.827 [main] DEBUG o.h.loader.entity.plan.EntityLoader - Static select for entity domain.StudentDomainModel [NONE]: select studentdom0_.StudentID as StudentID1_1_0_, studentdom0_.FirstName as FirstName2_1_0_, studentdom0_.MiddleName as MiddleName3_1_0_, studentdom0_.LastName as LastName4_1_0_, studentdom0_.DOB as DOB5_1_0_ from LUYUE.stu studentdom0_ where studentdom0_.StudentID=?
19:07:11.838 [main] DEBUG o.h.l.p.b.i.spaces.QuerySpacesImpl - Adding QuerySpace : uid = &lt;gen:0&gt; -&gt; org.hibernate.loader.plan.build.internal.spaces.EntityQuerySpaceImpl@bcb09a6]
19:07:11.853 [main] DEBUG o.h.p.w.spi.MetamodelGraphWalker - Visiting attribute path : FirstName
19:07:11.855 [main] DEBUG o.h.p.w.spi.MetamodelGraphWalker - Visiting attribute path : MiddleName
19:07:11.859 [main] DEBUG o.h.p.w.spi.MetamodelGraphWalker - Visiting attribute path : LastName
19:07:11.859 [main] DEBUG o.h.p.w.spi.MetamodelGraphWalker - Visiting attribute path : DOB
19:07:11.860 [main] DEBUG o.h.l.p.b.i.FetchStyleLoadPlanBuildingAssociationVisitationStrategy - Building LoadPlan...
19:07:11.861 [main] DEBUG o.h.l.p.e.i.LoadQueryJoinAndFetchProcessor - processing queryspace &lt;gen:0&gt;
19:07:11.872 [main] DEBUG o.h.l.p.b.spi.LoadPlanTreePrinter - LoadPlan(entity=domain.StudentDomainModel)
    - Returns
       - EntityReturnImpl(entity=domain.StudentDomainModel, querySpaceUid=&lt;gen:0&gt;, path=domain.StudentDomainModel)
    - QuerySpaces
       - EntityQuerySpaceImpl(uid=&lt;gen:0&gt;, entity=domain.StudentDomainModel)
          - SQL table alias mapping - studentdom0_
          - alias suffix - 0_
          - suffixed key columns - {StudentID1_1_0_}

19:07:11.875 [main] DEBUG o.h.loader.entity.plan.EntityLoader - Static select for entity domain.StudentDomainModel [READ]: select studentdom0_.StudentID as StudentID1_1_0_, studentdom0_.FirstName as FirstName2_1_0_, studentdom0_.MiddleName as MiddleName3_1_0_, studentdom0_.LastName as LastName4_1_0_, studentdom0_.DOB as DOB5_1_0_ from LUYUE.stu studentdom0_ where studentdom0_.StudentID=?
19:07:11.875 [main] DEBUG o.h.l.p.b.i.spaces.QuerySpacesImpl - Adding QuerySpace : uid = &lt;gen:0&gt; -&gt; org.hibernate.loader.plan.build.internal.spaces.EntityQuerySpaceImpl@a619c2]
19:07:11.875 [main] DEBUG o.h.p.w.spi.MetamodelGraphWalker - Visiting attribute path : FirstName
19:07:11.876 [main] DEBUG o.h.p.w.spi.MetamodelGraphWalker - Visiting attribute path : MiddleName
19:07:11.876 [main] DEBUG o.h.p.w.spi.MetamodelGraphWalker - Visiting attribute path : LastName
19:07:11.877 [main] DEBUG o.h.p.w.spi.MetamodelGraphWalker - Visiting attribute path : DOB
19:07:11.878 [main] DEBUG o.h.l.p.b.i.FetchStyleLoadPlanBuildingAssociationVisitationStrategy - Building LoadPlan...
19:07:11.878 [main] DEBUG o.h.l.p.e.i.LoadQueryJoinAndFetchProcessor - processing queryspace &lt;gen:0&gt;
19:07:11.882 [main] DEBUG o.h.l.p.b.spi.LoadPlanTreePrinter - LoadPlan(entity=domain.StudentDomainModel)
    - Returns
       - EntityReturnImpl(entity=domain.StudentDomainModel, querySpaceUid=&lt;gen:0&gt;, path=domain.StudentDomainModel)
    - QuerySpaces
       - EntityQuerySpaceImpl(uid=&lt;gen:0&gt;, entity=domain.StudentDomainModel)
          - SQL table alias mapping - studentdom0_
          - alias suffix - 0_
          - suffixed key columns - {StudentID1_1_0_}

19:07:11.884 [main] DEBUG o.h.loader.entity.plan.EntityLoader - Static select for entity domain.StudentDomainModel [UPGRADE]: select studentdom0_.StudentID as StudentID1_1_0_, studentdom0_.FirstName as FirstName2_1_0_, studentdom0_.MiddleName as MiddleName3_1_0_, studentdom0_.LastName as LastName4_1_0_, studentdom0_.DOB as DOB5_1_0_ from LUYUE.stu studentdom0_ where studentdom0_.StudentID=? for update
19:07:11.885 [main] DEBUG o.h.l.p.b.i.spaces.QuerySpacesImpl - Adding QuerySpace : uid = &lt;gen:0&gt; -&gt; org.hibernate.loader.plan.build.internal.spaces.EntityQuerySpaceImpl@375b5b7f]
19:07:11.885 [main] DEBUG o.h.p.w.spi.MetamodelGraphWalker - Visiting attribute path : FirstName
19:07:11.885 [main] DEBUG o.h.p.w.spi.MetamodelGraphWalker - Visiting attribute path : MiddleName
19:07:11.886 [main] DEBUG o.h.p.w.spi.MetamodelGraphWalker - Visiting attribute path : LastName
19:07:11.887 [main] DEBUG o.h.p.w.spi.MetamodelGraphWalker - Visiting attribute path : DOB
19:07:11.888 [main] DEBUG o.h.l.p.b.i.FetchStyleLoadPlanBuildingAssociationVisitationStrategy - Building LoadPlan...
19:07:11.889 [main] DEBUG o.h.l.p.e.i.LoadQueryJoinAndFetchProcessor - processing queryspace &lt;gen:0&gt;
19:07:11.889 [main] DEBUG o.h.l.p.b.spi.LoadPlanTreePrinter - LoadPlan(entity=domain.StudentDomainModel)
    - Returns
       - EntityReturnImpl(entity=domain.StudentDomainModel, querySpaceUid=&lt;gen:0&gt;, path=domain.StudentDomainModel)
    - QuerySpaces
       - EntityQuerySpaceImpl(uid=&lt;gen:0&gt;, entity=domain.StudentDomainModel)
          - SQL table alias mapping - studentdom0_
          - alias suffix - 0_
          - suffixed key columns - {StudentID1_1_0_}

19:07:11.890 [main] DEBUG o.h.loader.entity.plan.EntityLoader - Static select for entity domain.StudentDomainModel [UPGRADE_NOWAIT]: select studentdom0_.StudentID as StudentID1_1_0_, studentdom0_.FirstName as FirstName2_1_0_, studentdom0_.MiddleName as MiddleName3_1_0_, studentdom0_.LastName as LastName4_1_0_, studentdom0_.DOB as DOB5_1_0_ from LUYUE.stu studentdom0_ where studentdom0_.StudentID=? for update nowait
19:07:11.891 [main] DEBUG o.h.l.p.b.i.spaces.QuerySpacesImpl - Adding QuerySpace : uid = &lt;gen:0&gt; -&gt; org.hibernate.loader.plan.build.internal.spaces.EntityQuerySpaceImpl@28cb9120]
19:07:11.892 [main] DEBUG o.h.p.w.spi.MetamodelGraphWalker - Visiting attribute path : FirstName
19:07:11.892 [main] DEBUG o.h.p.w.spi.MetamodelGraphWalker - Visiting attribute path : MiddleName
19:07:11.893 [main] DEBUG o.h.p.w.spi.MetamodelGraphWalker - Visiting attribute path : LastName
19:07:11.893 [main] DEBUG o.h.p.w.spi.MetamodelGraphWalker - Visiting attribute path : DOB
19:07:11.894 [main] DEBUG o.h.l.p.b.i.FetchStyleLoadPlanBuildingAssociationVisitationStrategy - Building LoadPlan...
19:07:11.894 [main] DEBUG o.h.l.p.e.i.LoadQueryJoinAndFetchProcessor - processing queryspace &lt;gen:0&gt;
19:07:11.895 [main] DEBUG o.h.l.p.b.spi.LoadPlanTreePrinter - LoadPlan(entity=domain.StudentDomainModel)
    - Returns
       - EntityReturnImpl(entity=domain.StudentDomainModel, querySpaceUid=&lt;gen:0&gt;, path=domain.StudentDomainModel)
    - QuerySpaces
       - EntityQuerySpaceImpl(uid=&lt;gen:0&gt;, entity=domain.StudentDomainModel)
          - SQL table alias mapping - studentdom0_
          - alias suffix - 0_
          - suffixed key columns - {StudentID1_1_0_}

19:07:11.895 [main] DEBUG o.h.loader.entity.plan.EntityLoader - Static select for entity domain.StudentDomainModel [UPGRADE_SKIPLOCKED]: select studentdom0_.StudentID as StudentID1_1_0_, studentdom0_.FirstName as FirstName2_1_0_, studentdom0_.MiddleName as MiddleName3_1_0_, studentdom0_.LastName as LastName4_1_0_, studentdom0_.DOB as DOB5_1_0_ from LUYUE.stu studentdom0_ where studentdom0_.StudentID=? for update skip locked
19:07:11.896 [main] DEBUG o.h.l.p.b.i.spaces.QuerySpacesImpl - Adding QuerySpace : uid = &lt;gen:0&gt; -&gt; org.hibernate.loader.plan.build.internal.spaces.EntityQuerySpaceImpl@56781d96]
19:07:11.899 [main] DEBUG o.h.p.w.spi.MetamodelGraphWalker - Visiting attribute path : FirstName
19:07:11.900 [main] DEBUG o.h.p.w.spi.MetamodelGraphWalker - Visiting attribute path : MiddleName
19:07:11.901 [main] DEBUG o.h.p.w.spi.MetamodelGraphWalker - Visiting attribute path : LastName
19:07:11.902 [main] DEBUG o.h.p.w.spi.MetamodelGraphWalker - Visiting attribute path : DOB
19:07:11.904 [main] DEBUG o.h.l.p.b.i.FetchStyleLoadPlanBuildingAssociationVisitationStrategy - Building LoadPlan...
19:07:11.906 [main] DEBUG o.h.l.p.e.i.LoadQueryJoinAndFetchProcessor - processing queryspace &lt;gen:0&gt;
19:07:11.907 [main] DEBUG o.h.l.p.b.spi.LoadPlanTreePrinter - LoadPlan(entity=domain.StudentDomainModel)
    - Returns
       - EntityReturnImpl(entity=domain.StudentDomainModel, querySpaceUid=&lt;gen:0&gt;, path=domain.StudentDomainModel)
    - QuerySpaces
       - EntityQuerySpaceImpl(uid=&lt;gen:0&gt;, entity=domain.StudentDomainModel)
          - SQL table alias mapping - studentdom0_
          - alias suffix - 0_
          - suffixed key columns - {StudentID1_1_0_}

19:07:11.908 [main] DEBUG o.h.loader.entity.plan.EntityLoader - Static select for entity domain.StudentDomainModel [FORCE]: select studentdom0_.StudentID as StudentID1_1_0_, studentdom0_.FirstName as FirstName2_1_0_, studentdom0_.MiddleName as MiddleName3_1_0_, studentdom0_.LastName as LastName4_1_0_, studentdom0_.DOB as DOB5_1_0_ from LUYUE.stu studentdom0_ where studentdom0_.StudentID=? for update nowait
19:07:11.908 [main] DEBUG o.h.l.p.b.i.spaces.QuerySpacesImpl - Adding QuerySpace : uid = &lt;gen:0&gt; -&gt; org.hibernate.loader.plan.build.internal.spaces.EntityQuerySpaceImpl@25c5e994]
19:07:11.909 [main] DEBUG o.h.p.w.spi.MetamodelGraphWalker - Visiting attribute path : FirstName
19:07:11.911 [main] DEBUG o.h.p.w.spi.MetamodelGraphWalker - Visiting attribute path : MiddleName
19:07:11.911 [main] DEBUG o.h.p.w.spi.MetamodelGraphWalker - Visiting attribute path : LastName
19:07:11.912 [main] DEBUG o.h.p.w.spi.MetamodelGraphWalker - Visiting attribute path : DOB
19:07:11.912 [main] DEBUG o.h.l.p.b.i.FetchStyleLoadPlanBuildingAssociationVisitationStrategy - Building LoadPlan...
19:07:11.912 [main] DEBUG o.h.l.p.e.i.LoadQueryJoinAndFetchProcessor - processing queryspace &lt;gen:0&gt;
19:07:11.913 [main] DEBUG o.h.l.p.b.spi.LoadPlanTreePrinter - LoadPlan(entity=domain.StudentDomainModel)
    - Returns
       - EntityReturnImpl(entity=domain.StudentDomainModel, querySpaceUid=&lt;gen:0&gt;, path=domain.StudentDomainModel)
    - QuerySpaces
       - EntityQuerySpaceImpl(uid=&lt;gen:0&gt;, entity=domain.StudentDomainModel)
          - SQL table alias mapping - studentdom0_
          - alias suffix - 0_
          - suffixed key columns - {StudentID1_1_0_}

19:07:11.914 [main] DEBUG o.h.loader.entity.plan.EntityLoader - Static select for entity domain.StudentDomainModel [PESSIMISTIC_READ]: select studentdom0_.StudentID as StudentID1_1_0_, studentdom0_.FirstName as FirstName2_1_0_, studentdom0_.MiddleName as MiddleName3_1_0_, studentdom0_.LastName as LastName4_1_0_, studentdom0_.DOB as DOB5_1_0_ from LUYUE.stu studentdom0_ where studentdom0_.StudentID=? for update
19:07:11.914 [main] DEBUG o.h.l.p.b.i.spaces.QuerySpacesImpl - Adding QuerySpace : uid = &lt;gen:0&gt; -&gt; org.hibernate.loader.plan.build.internal.spaces.EntityQuerySpaceImpl@2189e7a7]
19:07:11.914 [main] DEBUG o.h.p.w.spi.MetamodelGraphWalker - Visiting attribute path : FirstName
19:07:11.914 [main] DEBUG o.h.p.w.spi.MetamodelGraphWalker - Visiting attribute path : MiddleName
19:07:11.915 [main] DEBUG o.h.p.w.spi.MetamodelGraphWalker - Visiting attribute path : LastName
19:07:11.915 [main] DEBUG o.h.p.w.spi.MetamodelGraphWalker - Visiting attribute path : DOB
19:07:11.915 [main] DEBUG o.h.l.p.b.i.FetchStyleLoadPlanBuildingAssociationVisitationStrategy - Building LoadPlan...
19:07:11.916 [main] DEBUG o.h.l.p.e.i.LoadQueryJoinAndFetchProcessor - processing queryspace &lt;gen:0&gt;
19:07:11.917 [main] DEBUG o.h.l.p.b.spi.LoadPlanTreePrinter - LoadPlan(entity=domain.StudentDomainModel)
    - Returns
       - EntityReturnImpl(entity=domain.StudentDomainModel, querySpaceUid=&lt;gen:0&gt;, path=domain.StudentDomainModel)
    - QuerySpaces
       - EntityQuerySpaceImpl(uid=&lt;gen:0&gt;, entity=domain.StudentDomainModel)
          - SQL table alias mapping - studentdom0_
          - alias suffix - 0_
          - suffixed key columns - {StudentID1_1_0_}

19:07:11.917 [main] DEBUG o.h.loader.entity.plan.EntityLoader - Static select for entity domain.StudentDomainModel [PESSIMISTIC_WRITE]: select studentdom0_.StudentID as StudentID1_1_0_, studentdom0_.FirstName as FirstName2_1_0_, studentdom0_.MiddleName as MiddleName3_1_0_, studentdom0_.LastName as LastName4_1_0_, studentdom0_.DOB as DOB5_1_0_ from LUYUE.stu studentdom0_ where studentdom0_.StudentID=? for update
19:07:11.918 [main] DEBUG o.h.l.p.b.i.spaces.QuerySpacesImpl - Adding QuerySpace : uid = &lt;gen:0&gt; -&gt; org.hibernate.loader.plan.build.internal.spaces.EntityQuerySpaceImpl@6331250e]
19:07:11.918 [main] DEBUG o.h.p.w.spi.MetamodelGraphWalker - Visiting attribute path : FirstName
19:07:11.919 [main] DEBUG o.h.p.w.spi.MetamodelGraphWalker - Visiting attribute path : MiddleName
19:07:11.919 [main] DEBUG o.h.p.w.spi.MetamodelGraphWalker - Visiting attribute path : LastName
19:07:11.919 [main] DEBUG o.h.p.w.spi.MetamodelGraphWalker - Visiting attribute path : DOB
19:07:11.919 [main] DEBUG o.h.l.p.b.i.FetchStyleLoadPlanBuildingAssociationVisitationStrategy - Building LoadPlan...
19:07:11.920 [main] DEBUG o.h.l.p.e.i.LoadQueryJoinAndFetchProcessor - processing queryspace &lt;gen:0&gt;
19:07:11.921 [main] DEBUG o.h.l.p.b.spi.LoadPlanTreePrinter - LoadPlan(entity=domain.StudentDomainModel)
    - Returns
       - EntityReturnImpl(entity=domain.StudentDomainModel, querySpaceUid=&lt;gen:0&gt;, path=domain.StudentDomainModel)
    - QuerySpaces
       - EntityQuerySpaceImpl(uid=&lt;gen:0&gt;, entity=domain.StudentDomainModel)
          - SQL table alias mapping - studentdom0_
          - alias suffix - 0_
          - suffixed key columns - {StudentID1_1_0_}

19:07:11.922 [main] DEBUG o.h.loader.entity.plan.EntityLoader - Static select for entity domain.StudentDomainModel [PESSIMISTIC_FORCE_INCREMENT]: select studentdom0_.StudentID as StudentID1_1_0_, studentdom0_.FirstName as FirstName2_1_0_, studentdom0_.MiddleName as MiddleName3_1_0_, studentdom0_.LastName as LastName4_1_0_, studentdom0_.DOB as DOB5_1_0_ from LUYUE.stu studentdom0_ where studentdom0_.StudentID=? for update nowait
19:07:11.922 [main] DEBUG o.h.l.p.b.i.spaces.QuerySpacesImpl - Adding QuerySpace : uid = &lt;gen:0&gt; -&gt; org.hibernate.loader.plan.build.internal.spaces.EntityQuerySpaceImpl@644abb8f]
19:07:11.923 [main] DEBUG o.h.p.w.spi.MetamodelGraphWalker - Visiting attribute path : FirstName
19:07:11.923 [main] DEBUG o.h.p.w.spi.MetamodelGraphWalker - Visiting attribute path : MiddleName
19:07:11.924 [main] DEBUG o.h.p.w.spi.MetamodelGraphWalker - Visiting attribute path : LastName
19:07:11.924 [main] DEBUG o.h.p.w.spi.MetamodelGraphWalker - Visiting attribute path : DOB
19:07:11.924 [main] DEBUG o.h.l.p.b.i.FetchStyleLoadPlanBuildingAssociationVisitationStrategy - Building LoadPlan...
19:07:11.924 [main] DEBUG o.h.l.p.e.i.LoadQueryJoinAndFetchProcessor - processing queryspace &lt;gen:0&gt;
19:07:11.925 [main] DEBUG o.h.l.p.b.spi.LoadPlanTreePrinter - LoadPlan(entity=domain.StudentDomainModel)
    - Returns
       - EntityReturnImpl(entity=domain.StudentDomainModel, querySpaceUid=&lt;gen:0&gt;, path=domain.StudentDomainModel)
    - QuerySpaces
       - EntityQuerySpaceImpl(uid=&lt;gen:0&gt;, entity=domain.StudentDomainModel)
          - SQL table alias mapping - studentdom0_
          - alias suffix - 0_
          - suffixed key columns - {StudentID1_1_0_}

19:07:11.925 [main] DEBUG o.h.loader.entity.plan.EntityLoader - Static select for entity domain.StudentDomainModel [OPTIMISTIC]: select studentdom0_.StudentID as StudentID1_1_0_, studentdom0_.FirstName as FirstName2_1_0_, studentdom0_.MiddleName as MiddleName3_1_0_, studentdom0_.LastName as LastName4_1_0_, studentdom0_.DOB as DOB5_1_0_ from LUYUE.stu studentdom0_ where studentdom0_.StudentID=?
19:07:11.926 [main] DEBUG o.h.l.p.b.i.spaces.QuerySpacesImpl - Adding QuerySpace : uid = &lt;gen:0&gt; -&gt; org.hibernate.loader.plan.build.internal.spaces.EntityQuerySpaceImpl@70325d20]
19:07:11.926 [main] DEBUG o.h.p.w.spi.MetamodelGraphWalker - Visiting attribute path : FirstName
19:07:11.926 [main] DEBUG o.h.p.w.spi.MetamodelGraphWalker - Visiting attribute path : MiddleName
19:07:11.926 [main] DEBUG o.h.p.w.spi.MetamodelGraphWalker - Visiting attribute path : LastName
19:07:11.926 [main] DEBUG o.h.p.w.spi.MetamodelGraphWalker - Visiting attribute path : DOB
19:07:11.938 [main] DEBUG o.h.l.p.b.i.FetchStyleLoadPlanBuildingAssociationVisitationStrategy - Building LoadPlan...
19:07:11.940 [main] DEBUG o.h.l.p.e.i.LoadQueryJoinAndFetchProcessor - processing queryspace &lt;gen:0&gt;
19:07:11.945 [main] DEBUG o.h.l.p.b.spi.LoadPlanTreePrinter - LoadPlan(entity=domain.StudentDomainModel)
    - Returns
       - EntityReturnImpl(entity=domain.StudentDomainModel, querySpaceUid=&lt;gen:0&gt;, path=domain.StudentDomainModel)
    - QuerySpaces
       - EntityQuerySpaceImpl(uid=&lt;gen:0&gt;, entity=domain.StudentDomainModel)
          - SQL table alias mapping - studentdom0_
          - alias suffix - 0_
          - suffixed key columns - {StudentID1_1_0_}

19:07:11.945 [main] DEBUG o.h.loader.entity.plan.EntityLoader - Static select for entity domain.StudentDomainModel [OPTIMISTIC_FORCE_INCREMENT]: select studentdom0_.StudentID as StudentID1_1_0_, studentdom0_.FirstName as FirstName2_1_0_, studentdom0_.MiddleName as MiddleName3_1_0_, studentdom0_.LastName as LastName4_1_0_, studentdom0_.DOB as DOB5_1_0_ from LUYUE.stu studentdom0_ where studentdom0_.StudentID=?
19:07:11.951 [main] DEBUG org.hibernate.loader.Loader - Static select for action ACTION_MERGE on entity domain.StudentDomainModel: select studentdom0_.StudentID as StudentID1_1_0_, studentdom0_.FirstName as FirstName2_1_0_, studentdom0_.MiddleName as MiddleName3_1_0_, studentdom0_.LastName as LastName4_1_0_, studentdom0_.DOB as DOB5_1_0_ from LUYUE.stu studentdom0_ where studentdom0_.StudentID=?
19:07:11.956 [main] DEBUG org.hibernate.loader.Loader - Static select for action ACTION_REFRESH on entity domain.StudentDomainModel: select studentdom0_.StudentID as StudentID1_1_0_, studentdom0_.FirstName as FirstName2_1_0_, studentdom0_.MiddleName as MiddleName3_1_0_, studentdom0_.LastName as LastName4_1_0_, studentdom0_.DOB as DOB5_1_0_ from LUYUE.stu studentdom0_ where studentdom0_.StudentID=?
19:07:11.956 [main] DEBUG o.h.internal.SessionFactoryImpl - Instantiated session factory
19:07:11.963 [main] INFO  o.h.tool.hbm2ddl.SchemaUpdate - HHH000228: Running hbm2ddl schema update
19:07:12.533 [main] DEBUG o.h.tool.hbm2ddl.SchemaUpdate - No alter strings for table : per
19:07:12.653 [main] DEBUG o.h.tool.hbm2ddl.SchemaUpdate - No alter strings for table : stu
19:07:12.676 [main] DEBUG o.h.e.t.j.p.i.JtaPlatformInitiator - No JtaPlatform was specified, checking resolver
19:07:12.676 [main] DEBUG o.h.e.t.j.p.i.JtaPlatformResolverInitiator - No JtaPlatformResolver was specified, using default [org.hibernate.engine.transaction.jta.platform.internal.StandardJtaPlatformResolver]
19:07:12.679 [main] DEBUG o.h.e.t.j.p.i.StandardJtaPlatformResolver - Could not resolve JtaPlatform, using default [org.hibernate.engine.transaction.jta.platform.internal.NoJtaPlatform]
19:07:12.681 [main] DEBUG o.h.internal.NamedQueryRepository - Checking 0 named HQL queries
19:07:12.681 [main] DEBUG o.h.internal.NamedQueryRepository - Checking 0 named SQL queries
19:07:12.692 [main] DEBUG o.h.internal.SessionFactoryRegistry - Initializing SessionFactoryRegistry : org.hibernate.internal.SessionFactoryRegistry@304a3655
19:07:12.694 [main] DEBUG o.h.internal.SessionFactoryRegistry - Registering SessionFactory: e40a8236-d5aa-48d9-bdb6-1eb987a2033f (&lt;unnamed&gt;)
19:07:12.694 [main] DEBUG o.h.internal.SessionFactoryRegistry - Not binding SessionFactory to JNDI, no JNDI name configured
19:07:12.746 [main] DEBUG o.h.s.internal.StatisticsInitiator - Statistics initialized [enabled=false]
19:07:12.748 [main] DEBUG o.h.e.t.internal.TransactionImpl - begin
19:07:12.762 [main] DEBUG org.hibernate.SQL - 
    select
        persondoma0_.PersonID as PersonID1_0_0_,
        persondoma0_.firstName as firstName2_0_0_,
        persondoma0_.middleName as middleName3_0_0_,
        persondoma0_.lastName as lastName4_0_0_,
        persondoma0_.street as street5_0_0_,
        persondoma0_.postalCode as postalCode6_0_0_,
        persondoma0_.city as city7_0_0_,
        persondoma0_.birthday as birthday8_0_0_ 
    from
        LUYUE.per persondoma0_ 
    where
        persondoma0_.PersonID=?
Hibernate: 
    select
        persondoma0_.PersonID as PersonID1_0_0_,
        persondoma0_.firstName as firstName2_0_0_,
        persondoma0_.middleName as middleName3_0_0_,
        persondoma0_.lastName as lastName4_0_0_,
        persondoma0_.street as street5_0_0_,
        persondoma0_.postalCode as postalCode6_0_0_,
        persondoma0_.city as city7_0_0_,
        persondoma0_.birthday as birthday8_0_0_ 
    from
        LUYUE.per persondoma0_ 
    where
        persondoma0_.PersonID=?
19:07:12.783 [main] DEBUG o.h.r.j.i.ResourceRegistryStandardImpl - HHH000387: ResultSet&apos;s statement was not registered
19:07:12.784 [main] DEBUG o.h.l.e.p.AbstractLoadPlanBasedEntityLoader - Done entity load : domain.PersonDomainModel#877dbe53-8d25-4e12-8953-e532f418dc99
</system-out>
  </testcase>
  <testcase classname="base.Person_Test" name="updatePersonTest" time="0.076"/>
  <testcase classname="base.Person_Test" name="getPersonTest" time="0.24">
    <error message="Index: 0, Size: 0" type="java.lang.IndexOutOfBoundsException">java.lang.IndexOutOfBoundsException: Index: 0, Size: 0
	at java.util.ArrayList.rangeCheck(ArrayList.java:653)
	at java.util.ArrayList.get(ArrayList.java:429)
	at base.PersonDAL.getPerson(PersonDAL.java:87)
	at base.Person_Test.getPersonTest(Person_Test.java:61)
	at sun.reflect.NativeMethodAccessorImpl.invoke0(Native Method)
	at sun.reflect.NativeMethodAccessorImpl.invoke(NativeMethodAccessorImpl.java:62)
	at sun.reflect.DelegatingMethodAccessorImpl.invoke(DelegatingMethodAccessorImpl.java:43)
	at java.lang.reflect.Method.invoke(Method.java:498)
	at org.junit.runners.model.FrameworkMethod$1.runReflectiveCall(FrameworkMethod.java:47)
	at org.junit.internal.runners.model.ReflectiveCallable.run(ReflectiveCallable.java:12)
	at org.junit.runners.model.FrameworkMethod.invokeExplosively(FrameworkMethod.java:44)
	at org.junit.internal.runners.statements.InvokeMethod.evaluate(InvokeMethod.java:17)
	at org.junit.runners.ParentRunner.runLeaf(ParentRunner.java:271)
	at org.junit.runners.BlockJUnit4ClassRunner.runChild(BlockJUnit4ClassRunner.java:70)
	at org.junit.runners.BlockJUnit4ClassRunner.runChild(BlockJUnit4ClassRunner.java:50)
	at org.junit.runners.ParentRunner$3.run(ParentRunner.java:238)
	at org.junit.runners.ParentRunner$1.schedule(ParentRunner.java:63)
	at org.junit.runners.ParentRunner.runChildren(ParentRunner.java:236)
	at org.junit.runners.ParentRunner.access$000(ParentRunner.java:53)
	at org.junit.runners.ParentRunner$2.evaluate(ParentRunner.java:229)
	at org.junit.internal.runners.statements.RunBefores.evaluate(RunBefores.java:26)
	at org.junit.runners.ParentRunner.run(ParentRunner.java:309)
	at org.apache.maven.surefire.junit4.JUnit4Provider.execute(JUnit4Provider.java:252)
	at org.apache.maven.surefire.junit4.JUnit4Provider.executeTestSet(JUnit4Provider.java:141)
	at org.apache.maven.surefire.junit4.JUnit4Provider.invoke(JUnit4Provider.java:112)
	at sun.reflect.NativeMethodAccessorImpl.invoke0(Native Method)
	at sun.reflect.NativeMethodAccessorImpl.invoke(NativeMethodAccessorImpl.java:62)
	at sun.reflect.DelegatingMethodAccessorImpl.invoke(DelegatingMethodAccessorImpl.java:43)
	at java.lang.reflect.Method.invoke(Method.java:498)
	at org.apache.maven.surefire.util.ReflectionUtils.invokeMethodWithArray(ReflectionUtils.java:189)
	at org.apache.maven.surefire.booter.ProviderFactory$ProviderProxy.invoke(ProviderFactory.java:165)
	at org.apache.maven.surefire.booter.ProviderFactory.invokeProvider(ProviderFactory.java:85)
	at org.apache.maven.surefire.booter.ForkedBooter.runSuitesInProcess(ForkedBooter.java:115)
	at org.apache.maven.surefire.booter.ForkedBooter.main(ForkedBooter.java:75)
</error>
    <system-out>19:07:12.876 [main] DEBUG o.h.e.t.internal.TransactionImpl - begin
19:07:12.886 [main] DEBUG o.h.h.i.QueryTranslatorFactoryInitiator - QueryTranslatorFactory : org.hibernate.hql.internal.ast.ASTQueryTranslatorFactory@55f8669d
19:07:12.886 [main] INFO  o.h.h.i.QueryTranslatorFactoryInitiator - HHH000397: Using ASTQueryTranslatorFactory
19:07:12.928 [main] DEBUG o.h.h.i.ast.QueryTranslatorImpl - parse() - HQL: from domain.PersonDomainModel where personId = :id 
19:07:12.939 [main] DEBUG o.h.h.i.ast.QueryTranslatorImpl - --- HQL AST ---
 \-[QUERY] Node: &apos;query&apos;
    +-[SELECT_FROM] Node: &apos;SELECT_FROM&apos;
    |  \-[FROM] Node: &apos;from&apos;
    |     \-[RANGE] Node: &apos;RANGE&apos;
    |        \-[DOT] Node: &apos;.&apos;
    |           +-[IDENT] Node: &apos;domain&apos;
    |           \-[IDENT] Node: &apos;PersonDomainModel&apos;
    \-[WHERE] Node: &apos;where&apos;
       \-[EQ] Node: &apos;=&apos;
          +-[IDENT] Node: &apos;personId&apos;
          \-[COLON] Node: &apos;:&apos;
             \-[IDENT] Node: &apos;id&apos;

19:07:12.939 [main] DEBUG o.h.hql.internal.ast.ErrorCounter - throwQueryException() : no errors
19:07:12.976 [main] DEBUG o.h.h.i.antlr.HqlSqlBaseWalker - select &lt;&lt; begin [level=1, statement=select]
19:07:13.013 [main] DEBUG o.h.h.internal.ast.tree.FromElement - FromClause{level=1} : domain.PersonDomainModel (&lt;no alias&gt;) -&gt; persondoma0_
19:07:13.020 [main] DEBUG o.h.h.i.antlr.HqlSqlBaseWalker - select : finishing up [level=1, statement=select]
19:07:13.040 [main] DEBUG o.h.hql.internal.ast.HqlSqlWalker - processQuery() :  ( SELECT ( FromClause{level=1} LUYUE.per persondoma0_ ) ( where ( = personId ? ) ) )
19:07:13.053 [main] DEBUG o.h.hql.internal.ast.HqlSqlWalker - Derived SELECT clause created.
19:07:13.064 [main] DEBUG o.h.h.i.ast.util.JoinProcessor - Using FROM fragment [LUYUE.per persondoma0_]
19:07:13.064 [main] DEBUG o.h.h.i.antlr.HqlSqlBaseWalker - select &gt;&gt; end [level=1, statement=select]
19:07:13.065 [main] DEBUG o.h.h.i.ast.QueryTranslatorImpl - --- SQL AST ---
 \-[SELECT] QueryNode: &apos;SELECT&apos;  querySpaces (LUYUE.per)
    +-[SELECT_CLAUSE] SelectClause: &apos;{derived select clause}&apos;
    |  +-[SELECT_EXPR] SelectExpressionImpl: &apos;persondoma0_.PersonID as PersonID1_0_&apos; {FromElement{explicit,not a collection join,not a fetch join,fetch non-lazy properties,classAlias=null,role=null,tableName=LUYUE.per,tableAlias=persondoma0_,origin=null,columns={,className=domain.PersonDomainModel}}}
    |  \-[SQL_TOKEN] SqlFragment: &apos;persondoma0_.firstName as firstName2_0_, persondoma0_.middleName as middleName3_0_, persondoma0_.lastName as lastName4_0_, persondoma0_.street as street5_0_, persondoma0_.postalCode as postalCode6_0_, persondoma0_.city as city7_0_, persondoma0_.birthday as birthday8_0_&apos;
    +-[FROM] FromClause: &apos;from&apos; FromClause{level=1, fromElementCounter=1, fromElements=1, fromElementByClassAlias=[], fromElementByTableAlias=[persondoma0_], fromElementsByPath=[], collectionJoinFromElementsByPath=[], impliedElements=[]}
    |  \-[FROM_FRAGMENT] FromElement: &apos;LUYUE.per persondoma0_&apos; FromElement{explicit,not a collection join,not a fetch join,fetch non-lazy properties,classAlias=null,role=null,tableName=LUYUE.per,tableAlias=persondoma0_,origin=null,columns={,className=domain.PersonDomainModel}}
    \-[WHERE] SqlNode: &apos;where&apos;
       \-[EQ] BinaryLogicOperatorNode: &apos;=&apos;
          +-[IDENT] IdentNode: &apos;personId&apos; {originalText=personId}
          \-[NAMED_PARAM] ParameterNode: &apos;?&apos; {name=id, expectedType=null}

19:07:13.066 [main] DEBUG o.h.hql.internal.ast.ErrorCounter - throwQueryException() : no errors
19:07:13.081 [main] DEBUG o.h.h.i.ast.QueryTranslatorImpl - HQL: from domain.PersonDomainModel where personId = :id 
19:07:13.081 [main] DEBUG o.h.h.i.ast.QueryTranslatorImpl - SQL: select persondoma0_.PersonID as PersonID1_0_, persondoma0_.firstName as firstName2_0_, persondoma0_.middleName as middleName3_0_, persondoma0_.lastName as lastName4_0_, persondoma0_.street as street5_0_, persondoma0_.postalCode as postalCode6_0_, persondoma0_.city as city7_0_, persondoma0_.birthday as birthday8_0_ from LUYUE.per persondoma0_ where personId=?
19:07:13.081 [main] DEBUG o.h.hql.internal.ast.ErrorCounter - throwQueryException() : no errors
19:07:13.098 [main] DEBUG org.hibernate.SQL - 
    select
        persondoma0_.PersonID as PersonID1_0_,
        persondoma0_.firstName as firstName2_0_,
        persondoma0_.middleName as middleName3_0_,
        persondoma0_.lastName as lastName4_0_,
        persondoma0_.street as street5_0_,
        persondoma0_.postalCode as postalCode6_0_,
        persondoma0_.city as city7_0_,
        persondoma0_.birthday as birthday8_0_ 
    from
        LUYUE.per persondoma0_ 
    where
        personId=?
Hibernate: 
    select
        persondoma0_.PersonID as PersonID1_0_,
        persondoma0_.firstName as firstName2_0_,
        persondoma0_.middleName as middleName3_0_,
        persondoma0_.lastName as lastName4_0_,
        persondoma0_.street as street5_0_,
        persondoma0_.postalCode as postalCode6_0_,
        persondoma0_.city as city7_0_,
        persondoma0_.birthday as birthday8_0_ 
    from
        LUYUE.per persondoma0_ 
    where
        personId=?
</system-out>
  </testcase>
  <testcase classname="base.Person_Test" name="addPersonTest" time="0.04"/>
</testsuite>